{"meta": {"format": 3, "version": "7.13.2", "timestamp": "2026-04-11T20:15:54.827348", "branch_coverage": false, "show_contexts": false}, "files": {"api/__init__.py": {"executed_lines": [3], "summary": {"covered_lines": 1, "num_statements": 1, "percent_covered": 100.0, "percent_covered_display": "100", "missing_lines": 0, "excluded_lines": 0, "percent_statements_covered": 100.0, "percent_statements_covered_display": "100"}, "missing_lines": [], "excluded_lines": [], "functions": {"": {"executed_lines": [3], "summary": {"covered_lines": 1, "num_statements": 1, "percent_covered": 100.0, "percent_covered_display": "100", "missing_lines": 0, "excluded_lines": 0, "percent_statements_covered": 100.0, "percent_statements_covered_display": "100"}, "missing_lines": [], "excluded_lines": [], "start_line": 1}}, "classes": {"": {"executed_lines": [3], "summary": {"covered_lines": 1, "num_statements": 1, "percent_covered": 100.0, "percent_covered_display": "100", "missing_lines": 0, "excluded_lines": 0, "percent_statements_covered": 100.0, "percent_statements_covered_display": "100"}, "missing_lines": [], "excluded_lines": [], "start_line": 1}}}, "api/main.py": {"executed_lines": [3, 4, 5, 6, 7, 8, 9, 10, 11, 12, 13, 14, 15, 16, 17, 18, 20, 21, 22, 32, 33, 34, 35, 36, 37, 38, 40, 41, 42, 43, 44, 45, 46, 47, 59, 62, 63, 64, 65, 71, 75, 78, 81, 82, 86, 88, 89, 90, 91, 92, 93, 94, 95, 96, 97, 98, 99, 100, 103, 104, 107, 109, 110, 111, 118, 120, 121, 122, 123, 124, 125, 129, 132, 133, 134, 135, 136, 139, 141, 142, 143, 144, 147, 152, 155, 156, 157, 158, 159, 162, 176, 177, 178, 179, 182, 185, 187, 188, 189, 190, 193, 195, 198, 200, 201, 202, 203, 204, 207, 209, 210, 211, 212, 213, 214, 215, 218, 219, 221, 222, 225, 228, 229, 230, 234, 240, 241, 242, 245, 246, 248, 249, 251, 252, 253, 260, 261, 282, 283, 286, 287, 300, 301, 307, 313, 314, 321, 330, 335, 340, 349, 352, 354, 356, 372, 373, 374, 375, 377, 380, 382, 383, 385, 386, 387, 400, 405, 411, 412, 413, 414, 416, 417, 419, 420, 421, 422, 425, 426, 430, 431, 434, 440, 441, 442, 443, 444, 445, 446, 447, 450, 452, 453, 454, 455, 456, 457, 460, 463, 465, 466, 473, 474, 477, 479, 485, 486, 490, 493, 494, 495, 496, 497, 498, 499, 500, 501, 502, 503, 505, 506, 507, 508, 509, 512, 514, 515, 516, 517, 518, 519, 521, 522, 523, 524, 525, 528, 529, 530, 531, 532, 536, 539, 540, 542, 543, 544, 545, 546, 547, 548, 550, 551, 552, 554, 555, 556, 557, 560, 563, 564, 565, 566, 567, 568, 569, 570, 571, 572, 575, 578, 579, 582, 585, 586, 587, 590, 592, 594, 595, 598, 599, 601, 604, 616, 621, 623, 624, 625, 626, 632, 633, 634, 651, 652, 653, 678, 702, 703, 705, 706, 711, 718, 719, 722, 723, 729, 730, 731, 733, 736, 737, 739, 740, 745, 748, 749, 751, 764, 767, 768, 769, 770, 771, 772, 775, 778, 779, 782, 783, 785, 787, 788, 791, 792, 796, 797, 800, 801, 811, 812, 815, 816, 822, 828, 830, 831, 834, 835, 838, 839, 840, 841, 852, 855, 856, 858, 861, 862, 867, 869, 881, 882, 884, 885, 886, 887, 890, 891, 892, 904, 905, 916, 920, 923, 924, 925, 1017, 1020, 1021, 1025, 1030, 1035, 1043, 1044, 1045, 1046, 1055, 1057, 1061, 1081, 1083, 1084, 1085, 1086, 1087, 1090, 1091, 1092, 1094, 1095, 1096, 1097, 1098, 1099, 1100, 1101, 1102, 1103, 1104, 1105, 1106, 1107, 1108, 1109, 1113, 1114, 1115, 1118, 1120, 1121, 1122, 1123, 1126, 1129, 1130, 1132, 1135, 1137, 1144, 1145, 1147, 1150, 1151, 1160, 1163, 1165, 1167, 1168, 1170, 1171, 1174, 1175, 1187, 1188, 1189, 1190, 1191, 1192, 1193, 1195, 1197, 1198, 1199, 1200, 1212, 1214, 1215, 1216, 1217, 1218, 1219, 1220, 1221, 1222, 1225, 1226, 1234, 1235, 1236, 1244, 1247, 1250, 1258, 1260, 1263, 1266, 1269, 1270, 1273, 1274, 1275, 1276, 1277, 1292, 1295, 1301, 1388, 1389, 1390, 1391, 1392, 1413, 1416, 1417, 1421, 1430, 1433, 1441, 1443, 1444, 1445, 1454, 1463, 1480, 1483, 1484, 1486, 1487, 1488, 1489, 1490, 1491, 1493, 1494, 1495, 1496, 1497, 1506, 1511, 1513, 1516, 1517, 1518, 1519, 1523, 1534, 1535, 1536, 1537, 1538, 1539, 1540, 1541, 1542, 1544, 1563, 1584, 1586, 1587, 1588, 1589, 1590, 1598, 1599, 1600, 1601, 1604, 1605, 1608, 1609, 1610, 1613, 1641, 1643, 1644, 1645, 1646, 1649, 1650, 1655, 1656, 1662, 1665, 1666, 1667, 1668, 1671, 1674, 1675, 1678, 1681, 1682, 1683, 1684, 1685, 1688, 1691, 1692, 1693, 1694, 1695, 1698, 1701, 1702, 1703, 1704, 1705, 1706, 1707, 1709, 1710, 1711, 1712, 1713, 1715, 1719, 1722, 1725, 1726, 1727, 1728, 1729, 1730, 1731, 1732, 1733, 1734, 1735, 1737, 1738, 1739, 1741, 1742, 1743, 1744, 1746, 1747, 1748, 1750, 1752, 1754, 1756, 1757, 1758, 1760, 1761, 1762, 1763, 1764, 1768, 1770, 1771, 1772, 1774, 1775, 1776, 1777, 1778, 1779, 1782, 1785, 1786, 1787, 1788, 1790, 1791, 1792, 1793, 1794, 1796, 1799, 1802, 1803, 1804, 1805, 1808, 1811, 1812, 1813, 1814, 1815, 1818, 1821, 1822, 1823, 1824, 1825, 1826, 1827, 1828, 1829, 1830, 1831, 1832, 1835, 1838, 1839, 1840, 1841, 1842, 1843, 1846, 1849, 1850, 1851, 1852, 1855, 1858, 1859, 1860, 1863, 1866, 1867, 1868, 1869, 1872, 1875, 1876, 1877, 1880, 1883, 1884, 1885, 1886, 1888, 1889, 1890, 1891, 1892, 1894, 1897, 1900, 1901, 1904, 2036, 2050, 2052, 2055, 2056, 2057, 2058, 2059, 2060, 2064, 2071, 2241, 2243, 2244, 2246, 2262, 2268, 2273, 2279, 2282, 2285, 2286, 2287, 2288, 2290, 2298, 2301, 2303, 2304, 2305, 2309, 2310, 2311, 2312, 2313, 2314, 2334, 2337, 2339, 2340, 2342, 2343, 2344, 2345, 2346, 2352, 2363, 2366, 2371, 2374, 2375, 2377, 2378, 2381, 2382, 2384, 2385, 2386, 2387, 2388, 2390, 2393, 2396, 2397, 2404, 2405, 2407, 2420, 2422, 2423, 2424, 2427, 2428, 2429, 2430, 2431, 2434, 2437, 2438, 2441, 2442, 2443, 2445, 2446, 2449, 2455, 2456, 2458, 2473, 2479, 2481, 2491, 2492, 2498, 2499, 2502, 2503, 2504, 2505, 2506, 2525, 2528, 2529, 2531, 2532, 2535, 2536, 2538, 2549, 2550, 2555, 2556, 2557, 2567, 2568, 2573, 2579, 2581, 2582, 2583, 2593, 2596, 2599, 2600, 2607, 2612, 2613, 2618, 2623, 2634, 2635, 2640, 2641, 2642, 2647, 2648, 2653, 2654, 2655, 2660, 2664, 2671, 2672, 2673, 2674, 2680, 2682, 2684, 2685, 2688, 2689, 2718, 2722, 2728, 2729, 2730, 2731, 2744, 2745, 2747, 2748, 2749, 2750, 2755, 2757, 2759, 2761, 2762, 2770, 2771, 2776, 2777, 2778, 2784, 2785, 2791, 2792, 2809, 2810, 2815, 2816, 2817, 2818, 2830, 2831, 2838, 2843, 2844, 2849, 2858, 2859, 2864, 2865, 2873, 2874, 2878, 2883, 2892, 2893, 2898, 2899, 2903, 2904, 2906, 2907, 2913, 2914, 2915, 2916, 2917, 2926, 2934, 2942, 2943, 2944, 2958, 2971, 2972, 2977, 2978, 2981, 2982, 2988, 2989, 2990, 2993, 2994, 2999, 3000, 3005, 3008, 3010, 3012, 3017, 3020, 3021, 3029, 3034, 3035, 3036, 3037, 3038, 3040, 3041, 3042, 3043, 3044, 3045, 3046, 3047, 3048, 3059, 3069, 3072, 3075, 3076, 3078, 3080, 3081, 3083, 3084, 3090, 3091, 3094, 3115, 3118, 3129, 3132, 3133, 3134, 3135, 3136, 3137, 3138, 3139, 3141, 3142, 3143, 3145, 3146, 3148, 3150, 3151, 3152, 3154, 3156, 3157, 3159, 3164, 3166, 3167, 3168, 3180, 3182, 3184, 3185, 3188, 3189, 3190, 3191, 3192, 3193, 3194, 3197, 3198, 3204, 3205, 3206, 3211, 3217, 3218, 3223, 3224, 3228, 3230, 3231, 3232, 3233, 3235, 3240, 3243, 3245, 3253, 3254, 3255, 3256, 3257, 3258, 3259, 3267, 3270, 3275, 3276, 3279, 3280, 3288, 3290, 3291, 3296, 3297, 3302, 3309, 3310, 3316, 3319, 3324, 3325, 3328, 3331, 3332, 3333, 3334, 3337, 3340, 3341, 3342, 3343, 3344, 3346, 3347, 3348, 3350, 3351, 3353, 3356, 3359, 3360, 3361, 3362, 3363, 3366, 3367, 3374, 3375, 3381, 3382, 3387, 3393, 3394, 3396, 3397, 3398, 3399, 3400, 3402, 3411, 3414, 3415, 3420, 3421, 3426, 3432, 3433, 3434, 3435, 3436, 3438, 3439, 3440, 3441, 3442, 3445, 3447, 3458, 3459, 3460, 3461, 3464, 3466, 3467, 3468, 3475, 3477, 3478, 3479, 3482, 3484, 3485, 3486, 3487, 3488, 3491, 3494, 3498, 3499, 3505, 3524, 3525, 3526, 3537, 3539, 3542, 3551, 3552, 3557, 3558, 3563, 3565, 3566, 3570, 3578, 3581, 3589, 3590, 3593, 3594, 3608, 3610, 3611, 3614, 3615, 3630, 3632, 3633, 3634, 3639, 3642, 3645, 3646, 3663, 3665, 3666, 3667, 3668, 3675, 3676, 3678, 3681, 3683, 3694, 3696, 3697, 3698, 3699, 3700, 3701, 3712, 3713, 3714, 3715, 3722, 3723, 3732, 3733, 3739, 3746, 3748, 3749, 3760, 3761, 3762, 3764, 3767, 3768, 3770, 3780, 3782, 3784, 3785, 3786, 3788, 3789, 3790, 3792, 3807, 3810, 3813], "summary": {"covered_lines": 1222, "num_statements": 1558, "percent_covered": 78.43388960205391, "percent_covered_display": "78", "missing_lines": 336, "excluded_lines": 0, "percent_statements_covered": 78.43388960205391, "percent_statements_covered_display": "78"}, "missing_lines": [149, 180, 181, 262, 263, 264, 267, 279, 280, 322, 336, 402, 526, 533, 596, 600, 707, 724, 732, 741, 859, 926, 929, 930, 931, 933, 934, 938, 940, 941, 942, 944, 947, 948, 953, 956, 957, 959, 961, 962, 968, 970, 973, 974, 975, 978, 988, 989, 994, 996, 999, 1002, 1004, 1009, 1026, 1110, 1111, 1133, 1176, 1184, 1196, 1201, 1209, 1302, 1305, 1306, 1307, 1309, 1310, 1314, 1316, 1317, 1318, 1320, 1323, 1324, 1329, 1332, 1333, 1335, 1337, 1338, 1344, 1346, 1349, 1350, 1351, 1354, 1363, 1364, 1368, 1370, 1372, 1375, 1376, 1380, 1426, 1507, 1509, 1510, 1512, 1585, 1611, 1612, 1614, 1615, 1624, 1625, 1626, 1627, 1628, 1629, 1630, 1631, 1638, 1639, 1652, 1658, 1659, 1714, 1751, 1753, 1795, 1893, 2038, 2039, 2040, 2041, 2042, 2043, 2044, 2045, 2046, 2047, 2053, 2073, 2074, 2075, 2076, 2077, 2088, 2089, 2090, 2091, 2092, 2093, 2094, 2098, 2104, 2105, 2106, 2107, 2108, 2109, 2114, 2116, 2117, 2118, 2119, 2125, 2126, 2127, 2130, 2137, 2138, 2140, 2141, 2142, 2143, 2144, 2145, 2146, 2150, 2151, 2154, 2161, 2162, 2163, 2164, 2165, 2166, 2167, 2168, 2171, 2172, 2173, 2174, 2175, 2178, 2181, 2182, 2194, 2196, 2197, 2198, 2199, 2202, 2207, 2208, 2209, 2210, 2211, 2214, 2217, 2223, 2224, 2231, 2238, 2283, 2289, 2372, 2376, 2379, 2561, 2562, 2563, 2564, 2608, 2630, 2631, 2643, 2644, 2656, 2657, 2681, 2683, 2699, 2700, 2701, 2702, 2703, 2707, 2712, 2713, 2714, 2715, 2736, 2737, 2738, 2739, 2740, 2741, 2751, 2752, 2758, 2760, 2764, 2765, 2766, 2767, 2779, 2797, 2798, 2799, 2800, 2805, 2806, 2823, 2824, 2839, 2854, 2855, 2888, 2889, 2922, 2923, 2924, 2925, 2945, 2951, 2952, 2955, 2956, 2965, 2966, 2967, 2968, 3009, 3011, 3013, 3049, 3050, 3055, 3056, 3057, 3058, 3070, 3116, 3125, 3126, 3147, 3155, 3158, 3160, 3170, 3171, 3172, 3173, 3174, 3175, 3176, 3177, 3186, 3225, 3234, 3236, 3241, 3268, 3292, 3317, 3352, 3376, 3401, 3448, 3449, 3456, 3492, 3527, 3528, 3529, 3540, 3579, 3635, 3636, 3669, 3670, 3671, 3672, 3702, 3709, 3710, 3724, 3731, 3814, 3817, 3819], "excluded_lines": [], "functions": {"_get_version": {"executed_lines": [88, 89, 90, 91, 92, 93, 94, 95, 96, 97, 98, 99, 100], "summary": {"covered_lines": 13, "num_statements": 13, "percent_covered": 100.0, "percent_covered_display": "100", "missing_lines": 0, "excluded_lines": 0, "percent_statements_covered": 100.0, "percent_statements_covered_display": "100"}, "missing_lines": [], "excluded_lines": [], "start_line": 86}, "_format_timestamp": {"executed_lines": [109, 110, 111], "summary": {"covered_lines": 3, "num_statements": 3, "percent_covered": 100.0, "percent_covered_display": "100", "missing_lines": 0, "excluded_lines": 0, "percent_statements_covered": 100.0, "percent_statements_covered_display": "100"}, "missing_lines": [], "excluded_lines": [], "start_line": 107}, "_get_executor_max_workers": {"executed_lines": [120, 121, 122, 123, 124, 125], "summary": {"covered_lines": 6, "num_statements": 6, "percent_covered": 100.0, "percent_covered_display": "100", "missing_lines": 0, "excluded_lines": 0, "percent_statements_covered": 100.0, "percent_statements_covered_display": "100"}, "missing_lines": [], "excluded_lines": [], "start_line": 118}, "get_client": {"executed_lines": [141, 142, 143, 144], "summary": {"covered_lines": 4, "num_statements": 4, "percent_covered": 100.0, "percent_covered_display": "100", "missing_lines": 0, "excluded_lines": 0, "percent_statements_covered": 100.0, "percent_statements_covered_display": "100"}, "missing_lines": [], "excluded_lines": [], "start_line": 139}, "get_tracked_client": {"executed_lines": [], "summary": {"covered_lines": 0, "num_statements": 1, "percent_covered": 0.0, "percent_covered_display": "0", "missing_lines": 1, "excluded_lines": 0, "percent_statements_covered": 0.0, "percent_statements_covered_display": "0"}, "missing_lines": [149], "excluded_lines": [], "start_line": 147}, "_get_mcp_chat_engine_lock": {"executed_lines": [155, 156, 157, 158, 159], "summary": {"covered_lines": 5, "num_statements": 5, "percent_covered": 100.0, "percent_covered_display": "100", "missing_lines": 0, "excluded_lines": 0, "percent_statements_covered": 100.0, "percent_statements_covered_display": "100"}, "missing_lines": [], "excluded_lines": [], "start_line": 152}, "get_mcp_chat_engine": {"executed_lines": [176, 177, 178, 179, 182], "summary": {"covered_lines": 5, "num_statements": 7, "percent_covered": 71.42857142857143, "percent_covered_display": "71", "missing_lines": 2, "excluded_lines": 0, "percent_statements_covered": 71.42857142857143, "percent_statements_covered_display": "71"}, "missing_lines": [180, 181], "excluded_lines": [], "start_line": 162}, "_extract_bearer_token": {"executed_lines": [187, 188, 189, 190], "summary": {"covered_lines": 4, "num_statements": 4, "percent_covered": 100.0, "percent_covered_display": "100", "missing_lines": 0, "excluded_lines": 0, "percent_statements_covered": 100.0, "percent_statements_covered_display": "100"}, "missing_lines": [], "excluded_lines": [], "start_line": 185}, "_hash_token": {"executed_lines": [195], "summary": {"covered_lines": 1, "num_statements": 1, "percent_covered": 100.0, "percent_covered_display": "100", "missing_lines": 0, "excluded_lines": 0, "percent_statements_covered": 100.0, "percent_statements_covered_display": "100"}, "missing_lines": [], "excluded_lines": [], "start_line": 193}, "_rate_limit_key": {"executed_lines": [200, 201, 202, 203, 204], "summary": {"covered_lines": 5, "num_statements": 5, "percent_covered": 100.0, "percent_covered_display": "100", "missing_lines": 0, "excluded_lines": 0, "percent_statements_covered": 100.0, "percent_statements_covered_display": "100"}, "missing_lines": [], "excluded_lines": [], "start_line": 198}, "_sanitize_error_payload": {"executed_lines": [209, 210, 211, 212, 213, 214, 215], "summary": {"covered_lines": 7, "num_statements": 7, "percent_covered": 100.0, "percent_covered_display": "100", "missing_lines": 0, "excluded_lines": 0, "percent_statements_covered": 100.0, "percent_statements_covered_display": "100"}, "missing_lines": [], "excluded_lines": [], "start_line": 207}, "lifespan": {"executed_lines": [221, 222, 225, 228, 229, 230], "summary": {"covered_lines": 6, "num_statements": 6, "percent_covered": 100.0, "percent_covered_display": "100", "missing_lines": 0, "excluded_lines": 0, "percent_statements_covered": 100.0, "percent_statements_covered_display": "100"}, "missing_lines": [], "excluded_lines": [], "start_line": 219}, "tracing_middleware": {"executed_lines": [248, 249, 251, 252, 253, 260, 261, 282, 283, 286, 287, 300, 301], "summary": {"covered_lines": 13, "num_statements": 19, "percent_covered": 68.42105263157895, "percent_covered_display": "68", "missing_lines": 6, "excluded_lines": 0, "percent_statements_covered": 68.42105263157895, "percent_statements_covered_display": "68"}, "missing_lines": [262, 263, 264, 267, 279, 280], "excluded_lines": [], "start_line": 246}, "_ensure_file_payload_size": {"executed_lines": [382, 383, 385, 386, 387], "summary": {"covered_lines": 5, "num_statements": 5, "percent_covered": 100.0, "percent_covered_display": "100", "missing_lines": 0, "excluded_lines": 0, "percent_statements_covered": 100.0, "percent_statements_covered_display": "100"}, "missing_lines": [], "excluded_lines": [], "start_line": 380}, "_get_summarization_model": {"executed_lines": [], "summary": {"covered_lines": 0, "num_statements": 1, "percent_covered": 0.0, "percent_covered_display": "0", "missing_lines": 1, "excluded_lines": 0, "percent_statements_covered": 0.0, "percent_statements_covered_display": "0"}, "missing_lines": [402], "excluded_lines": [], "start_line": 400}, "_evict_stale_ws_entries": {"executed_lines": [411, 412, 413, 414, 416, 417, 419, 420, 421, 422, 425, 426, 430, 431], "summary": {"covered_lines": 14, "num_statements": 14, "percent_covered": 100.0, "percent_covered_display": "100", "missing_lines": 0, "excluded_lines": 0, "percent_statements_covered": 100.0, "percent_statements_covered_display": "100"}, "missing_lines": [], "excluded_lines": [], "start_line": 405}, "verify_api_key": {"executed_lines": [440, 441, 442, 443, 444, 445, 446, 447], "summary": {"covered_lines": 8, "num_statements": 8, "percent_covered": 100.0, "percent_covered_display": "100", "missing_lines": 0, "excluded_lines": 0, "percent_statements_covered": 100.0, "percent_statements_covered_display": "100"}, "missing_lines": [], "excluded_lines": [], "start_line": 434}, "_sanitize_file_name": {"executed_lines": [452, 453, 454, 455, 456, 457, 460], "summary": {"covered_lines": 7, "num_statements": 7, "percent_covered": 100.0, "percent_covered_display": "100", "missing_lines": 0, "excluded_lines": 0, "percent_statements_covered": 100.0, "percent_statements_covered_display": "100"}, "missing_lines": [], "excluded_lines": [], "start_line": 450}, "_enforce_budget": {"executed_lines": [465, 466], "summary": {"covered_lines": 2, "num_statements": 2, "percent_covered": 100.0, "percent_covered_display": "100", "missing_lines": 0, "excluded_lines": 0, "percent_statements_covered": 100.0, "percent_statements_covered_display": "100"}, "missing_lines": [], "excluded_lines": [], "start_line": 463}, "ChatCompletionRequest.validate_provider": {"executed_lines": [508, 509, 512], "summary": {"covered_lines": 3, "num_statements": 3, "percent_covered": 100.0, "percent_covered_display": "100", "missing_lines": 0, "excluded_lines": 0, "percent_statements_covered": 100.0, "percent_statements_covered_display": "100"}, "missing_lines": [], "excluded_lines": [], "start_line": 507}, "ChatCompletionRequest.validate_messages": {"executed_lines": [517, 518, 519], "summary": {"covered_lines": 3, "num_statements": 3, "percent_covered": 100.0, "percent_covered_display": "100", "missing_lines": 0, "excluded_lines": 0, "percent_statements_covered": 100.0, "percent_statements_covered_display": "100"}, "missing_lines": [], "excluded_lines": [], "start_line": 516}, "ChatCompletionRequest.validate_temperature": {"executed_lines": [524, 525], "summary": {"covered_lines": 2, "num_statements": 3, "percent_covered": 66.66666666666667, "percent_covered_display": "67", "missing_lines": 1, "excluded_lines": 0, "percent_statements_covered": 66.66666666666667, "percent_statements_covered_display": "67"}, "missing_lines": [526], "excluded_lines": [], "start_line": 523}, "ChatCompletionRequest.validate_max_tokens": {"executed_lines": [531, 532], "summary": {"covered_lines": 2, "num_statements": 3, "percent_covered": 66.66666666666667, "percent_covered_display": "67", "missing_lines": 1, "excluded_lines": 0, "percent_statements_covered": 66.66666666666667, "percent_statements_covered_display": "67"}, "missing_lines": [533], "excluded_lines": [], "start_line": 530}, "StreamMessage.validate_role": {"executed_lines": [545, 546, 547, 548], "summary": {"covered_lines": 4, "num_statements": 4, "percent_covered": 100.0, "percent_covered_display": "100", "missing_lines": 0, "excluded_lines": 0, "percent_statements_covered": 100.0, "percent_statements_covered_display": "100"}, "missing_lines": [], "excluded_lines": [], "start_line": 544}, "StreamMessage.validate_content": {"executed_lines": [554, 555, 556, 557], "summary": {"covered_lines": 4, "num_statements": 4, "percent_covered": 100.0, "percent_covered_display": "100", "missing_lines": 0, "excluded_lines": 0, "percent_statements_covered": 100.0, "percent_statements_covered_display": "100"}, "missing_lines": [], "excluded_lines": [], "start_line": 552}, "_get_spa_index": {"executed_lines": [592, 594, 595, 598, 599, 601], "summary": {"covered_lines": 6, "num_statements": 8, "percent_covered": 75.0, "percent_covered_display": "75", "missing_lines": 2, "excluded_lines": 0, "percent_statements_covered": 75.0, "percent_statements_covered_display": "75"}, "missing_lines": [596, 600], "excluded_lines": [], "start_line": 590}, "_check_token_limits": {"executed_lines": [616, 621, 623, 624, 625, 626, 632, 633, 634, 651, 652, 653, 678], "summary": {"covered_lines": 13, "num_statements": 13, "percent_covered": 100.0, "percent_covered_display": "100", "missing_lines": 0, "excluded_lines": 0, "percent_statements_covered": 100.0, "percent_statements_covered_display": "100"}, "missing_lines": [], "excluded_lines": [], "start_line": 604}, "root": {"executed_lines": [705, 706, 711], "summary": {"covered_lines": 3, "num_statements": 4, "percent_covered": 75.0, "percent_covered_display": "75", "missing_lines": 1, "excluded_lines": 0, "percent_statements_covered": 75.0, "percent_statements_covered_display": "75"}, "missing_lines": [707], "excluded_lines": [], "start_line": 703}, "models_page": {"executed_lines": [722, 723, 729, 730, 731, 733], "summary": {"covered_lines": 6, "num_statements": 8, "percent_covered": 75.0, "percent_covered_display": "75", "missing_lines": 2, "excluded_lines": 0, "percent_statements_covered": 75.0, "percent_statements_covered_display": "75"}, "missing_lines": [724, 732], "excluded_lines": [], "start_line": 719}, "mcp_page": {"executed_lines": [739, 740, 745], "summary": {"covered_lines": 3, "num_statements": 4, "percent_covered": 75.0, "percent_covered_display": "75", "missing_lines": 1, "excluded_lines": 0, "percent_statements_covered": 75.0, "percent_statements_covered_display": "75"}, "missing_lines": [741], "excluded_lines": [], "start_line": 737}, "list_providers": {"executed_lines": [751], "summary": {"covered_lines": 1, "num_statements": 1, "percent_covered": 100.0, "percent_covered_display": "100", "missing_lines": 0, "excluded_lines": 0, "percent_statements_covered": 100.0, "percent_statements_covered_display": "100"}, "missing_lines": [], "excluded_lines": [], "start_line": 749}, "list_models": {"executed_lines": [785, 787, 788, 791, 792, 796, 797, 800, 801, 811, 812, 815, 816, 822, 828, 830, 831, 834, 835, 838, 839, 840, 841, 852], "summary": {"covered_lines": 24, "num_statements": 24, "percent_covered": 100.0, "percent_covered_display": "100", "missing_lines": 0, "excluded_lines": 0, "percent_statements_covered": 100.0, "percent_statements_covered_display": "100"}, "missing_lines": [], "excluded_lines": [], "start_line": 783}, "get_model_info": {"executed_lines": [858, 861, 862, 867, 869], "summary": {"covered_lines": 5, "num_statements": 6, "percent_covered": 83.33333333333333, "percent_covered_display": "83", "missing_lines": 1, "excluded_lines": 0, "percent_statements_covered": 83.33333333333333, "percent_statements_covered_display": "83"}, "missing_lines": [859], "excluded_lines": [], "start_line": 856}, "get_provider_info": {"executed_lines": [884, 885, 886, 887], "summary": {"covered_lines": 4, "num_statements": 4, "percent_covered": 100.0, "percent_covered_display": "100", "missing_lines": 0, "excluded_lines": 0, "percent_statements_covered": 100.0, "percent_statements_covered_display": "100"}, "missing_lines": [], "excluded_lines": [], "start_line": 882}, "chat_completion": {"executed_lines": [904, 905, 916, 920, 923, 924, 925, 1017, 1020, 1021, 1025, 1030, 1035, 1043, 1044, 1045, 1046, 1055, 1057, 1061, 1081, 1083, 1084, 1085, 1086, 1087, 1090, 1091, 1092, 1094, 1095, 1096, 1097, 1098, 1099, 1100, 1101, 1102, 1103, 1104, 1105, 1106, 1107, 1108, 1109, 1113, 1114, 1115, 1118, 1120, 1121, 1122, 1123, 1126, 1129, 1130, 1132, 1135, 1137, 1144, 1145, 1147], "summary": {"covered_lines": 62, "num_statements": 99, "percent_covered": 62.62626262626262, "percent_covered_display": "63", "missing_lines": 37, "excluded_lines": 0, "percent_statements_covered": 62.62626262626262, "percent_statements_covered_display": "63"}, "missing_lines": [926, 929, 930, 931, 933, 934, 938, 940, 941, 942, 944, 947, 948, 953, 956, 957, 959, 961, 962, 968, 970, 973, 974, 975, 978, 988, 989, 994, 996, 999, 1002, 1004, 1009, 1026, 1110, 1111, 1133], "excluded_lines": [], "start_line": 892}, "chat_stream": {"executed_lines": [1160, 1163, 1165, 1167, 1168, 1170, 1171, 1174, 1175, 1187, 1188, 1189, 1190, 1191, 1192, 1193, 1195, 1197, 1198, 1199, 1200, 1212, 1214, 1215, 1216, 1217, 1218, 1219, 1220, 1221, 1222, 1225, 1226, 1234, 1235, 1236, 1244, 1247, 1250, 1258, 1260, 1263, 1266, 1269, 1270, 1273, 1274, 1275, 1276, 1277, 1292, 1295, 1301, 1388, 1389, 1390, 1391, 1392, 1413, 1416, 1417, 1421, 1430, 1433, 1441, 1443, 1444, 1445, 1454, 1463, 1480, 1483, 1484, 1486, 1487, 1488, 1489, 1490, 1491, 1493, 1494, 1495, 1496, 1497, 1506, 1511, 1513, 1516, 1517, 1518, 1519, 1523, 1534, 1535, 1536, 1537, 1538, 1539, 1540, 1541, 1542, 1544, 1563, 1584, 1586, 1587, 1588, 1589, 1590, 1598, 1599, 1600, 1601, 1604, 1605, 1608, 1609, 1610, 1613, 1641, 1643, 1644, 1645, 1646], "summary": {"covered_lines": 124, "num_statements": 182, "percent_covered": 68.13186813186813, "percent_covered_display": "68", "missing_lines": 58, "excluded_lines": 0, "percent_statements_covered": 68.13186813186813, "percent_statements_covered_display": "68"}, "missing_lines": [1176, 1184, 1196, 1201, 1209, 1302, 1305, 1306, 1307, 1309, 1310, 1314, 1316, 1317, 1318, 1320, 1323, 1324, 1329, 1332, 1333, 1335, 1337, 1338, 1344, 1346, 1349, 1350, 1351, 1354, 1363, 1364, 1368, 1370, 1372, 1375, 1376, 1380, 1426, 1507, 1509, 1510, 1512, 1585, 1611, 1612, 1614, 1615, 1624, 1625, 1626, 1627, 1628, 1629, 1630, 1631, 1638, 1639], "excluded_lines": [], "start_line": 1151}, "get_cost_summary": {"executed_lines": [], "summary": {"covered_lines": 0, "num_statements": 1, "percent_covered": 0.0, "percent_covered_display": "0", "missing_lines": 1, "excluded_lines": 0, "percent_statements_covered": 0.0, "percent_statements_covered_display": "0"}, "missing_lines": [1652], "excluded_lines": [], "start_line": 1650}, "reset_cost_tracker": {"executed_lines": [], "summary": {"covered_lines": 0, "num_statements": 2, "percent_covered": 0.0, "percent_covered_display": "0", "missing_lines": 2, "excluded_lines": 0, "percent_statements_covered": 0.0, "percent_statements_covered_display": "0"}, "missing_lines": [1658, 1659], "excluded_lines": [], "start_line": 1656}, "MCPConfigureRequest.validate_client": {"executed_lines": [1712, 1713, 1715], "summary": {"covered_lines": 3, "num_statements": 4, "percent_covered": 75.0, "percent_covered_display": "75", "missing_lines": 1, "excluded_lines": 0, "percent_statements_covered": 75.0, "percent_statements_covered_display": "75"}, "missing_lines": [1714], "excluded_lines": [], "start_line": 1711}, "MCPCustomServerRequest.validate_client": {"executed_lines": [1741, 1742, 1743, 1744], "summary": {"covered_lines": 4, "num_statements": 4, "percent_covered": 100.0, "percent_covered_display": "100", "missing_lines": 0, "excluded_lines": 0, "percent_statements_covered": 100.0, "percent_statements_covered_display": "100"}, "missing_lines": [], "excluded_lines": [], "start_line": 1739}, "MCPCustomServerRequest.validate_server_id": {"executed_lines": [1750, 1752, 1754], "summary": {"covered_lines": 3, "num_statements": 5, "percent_covered": 60.0, "percent_covered_display": "60", "missing_lines": 2, "excluded_lines": 0, "percent_statements_covered": 60.0, "percent_statements_covered_display": "60"}, "missing_lines": [1751, 1753], "excluded_lines": [], "start_line": 1748}, "MCPCustomServerRequest.validate_command": {"executed_lines": [1760, 1761, 1762, 1763, 1764, 1768], "summary": {"covered_lines": 6, "num_statements": 6, "percent_covered": 100.0, "percent_covered_display": "100", "missing_lines": 0, "excluded_lines": 0, "percent_statements_covered": 100.0, "percent_statements_covered_display": "100"}, "missing_lines": [], "excluded_lines": [], "start_line": 1758}, "MCPCustomServerRequest.validate_env": {"executed_lines": [1774, 1775, 1776, 1777, 1778, 1779], "summary": {"covered_lines": 6, "num_statements": 6, "percent_covered": 100.0, "percent_covered_display": "100", "missing_lines": 0, "excluded_lines": 0, "percent_statements_covered": 100.0, "percent_statements_covered_display": "100"}, "missing_lines": [], "excluded_lines": [], "start_line": 1772}, "MCPResetRequest.validate_client": {"executed_lines": [1793, 1794, 1796], "summary": {"covered_lines": 3, "num_statements": 4, "percent_covered": 75.0, "percent_covered_display": "75", "missing_lines": 1, "excluded_lines": 0, "percent_statements_covered": 75.0, "percent_statements_covered_display": "75"}, "missing_lines": [1795], "excluded_lines": [], "start_line": 1792}, "MCPClientPermissionsUpdateRequest.validate_client": {"executed_lines": [1891, 1892, 1894], "summary": {"covered_lines": 3, "num_statements": 4, "percent_covered": 75.0, "percent_covered_display": "75", "missing_lines": 1, "excluded_lines": 0, "percent_statements_covered": 75.0, "percent_statements_covered_display": "75"}, "missing_lines": [1893], "excluded_lines": [], "start_line": 1890}, "_mcp_tool_capabilities": {"executed_lines": [], "summary": {"covered_lines": 0, "num_statements": 10, "percent_covered": 0.0, "percent_covered_display": "0", "missing_lines": 10, "excluded_lines": 0, "percent_statements_covered": 0.0, "percent_statements_covered_display": "0"}, "missing_lines": [2038, 2039, 2040, 2041, 2042, 2043, 2044, 2045, 2046, 2047], "excluded_lines": [], "start_line": 2036}, "_execute_mcp_tool_test": {"executed_lines": [2052, 2055, 2056, 2057, 2058, 2059, 2060, 2064, 2071], "summary": {"covered_lines": 9, "num_statements": 83, "percent_covered": 10.843373493975903, "percent_covered_display": "11", "missing_lines": 74, "excluded_lines": 0, "percent_statements_covered": 10.843373493975903, "percent_statements_covered_display": "11"}, "missing_lines": [2053, 2073, 2074, 2075, 2076, 2077, 2088, 2089, 2090, 2091, 2092, 2093, 2094, 2098, 2104, 2105, 2106, 2107, 2108, 2109, 2114, 2116, 2117, 2118, 2119, 2125, 2126, 2127, 2130, 2137, 2138, 2140, 2141, 2142, 2143, 2144, 2145, 2146, 2150, 2151, 2154, 2161, 2162, 2163, 2164, 2165, 2166, 2167, 2168, 2171, 2172, 2173, 2174, 2175, 2178, 2181, 2182, 2194, 2196, 2197, 2198, 2199, 2202, 2207, 2208, 2209, 2210, 2211, 2214, 2217, 2223, 2224, 2231, 2238], "excluded_lines": [], "start_line": 2050}, "_normalize_mcp_permission_payload": {"executed_lines": [2243, 2244, 2246], "summary": {"covered_lines": 3, "num_statements": 3, "percent_covered": 100.0, "percent_covered_display": "100", "missing_lines": 0, "excluded_lines": 0, "percent_statements_covered": 100.0, "percent_statements_covered_display": "100"}, "missing_lines": [], "excluded_lines": [], "start_line": 2241}, "_build_mcp_permission_servers": {"executed_lines": [2268, 2273, 2279, 2282, 2285, 2286, 2287, 2288, 2290, 2298], "summary": {"covered_lines": 10, "num_statements": 12, "percent_covered": 83.33333333333333, "percent_covered_display": "83", "missing_lines": 2, "excluded_lines": 0, "percent_statements_covered": 83.33333333333333, "percent_statements_covered_display": "83"}, "missing_lines": [2283, 2289], "excluded_lines": [], "start_line": 2262}, "_serialize_mcp_client_servers": {"executed_lines": [2303, 2304, 2305, 2309, 2310, 2311, 2312, 2313, 2314, 2334], "summary": {"covered_lines": 10, "num_statements": 10, "percent_covered": 100.0, "percent_covered_display": "100", "missing_lines": 0, "excluded_lines": 0, "percent_statements_covered": 100.0, "percent_statements_covered_display": "100"}, "missing_lines": [], "excluded_lines": [], "start_line": 2301}, "_serialize_mcp_client_tools": {"executed_lines": [2339, 2340, 2342, 2343, 2344, 2345, 2346, 2352, 2363], "summary": {"covered_lines": 9, "num_statements": 9, "percent_covered": 100.0, "percent_covered_display": "100", "missing_lines": 0, "excluded_lines": 0, "percent_statements_covered": 100.0, "percent_statements_covered_display": "100"}, "missing_lines": [], "excluded_lines": [], "start_line": 2337}, "_apply_mcp_client_settings_to_engine": {"executed_lines": [2371, 2374, 2375, 2377, 2378, 2381, 2382, 2384, 2385, 2386, 2387, 2388, 2390, 2393], "summary": {"covered_lines": 14, "num_statements": 17, "percent_covered": 82.3529411764706, "percent_covered_display": "82", "missing_lines": 3, "excluded_lines": 0, "percent_statements_covered": 82.3529411764706, "percent_statements_covered_display": "82"}, "missing_lines": [2372, 2376, 2379], "excluded_lines": [], "start_line": 2366}, "get_all_validated_models": {"executed_lines": [2404, 2405, 2407, 2420, 2422, 2423, 2424, 2427, 2428, 2429, 2430, 2431, 2434, 2437, 2438, 2441, 2442, 2443, 2445, 2446, 2449, 2455, 2456, 2458, 2473, 2479, 2481], "summary": {"covered_lines": 27, "num_statements": 27, "percent_covered": 100.0, "percent_covered_display": "100", "missing_lines": 0, "excluded_lines": 0, "percent_statements_covered": 100.0, "percent_statements_covered_display": "100"}, "missing_lines": [], "excluded_lines": [], "start_line": 2397}, "get_catalog": {"executed_lines": [2498, 2499, 2502, 2503, 2504, 2505, 2506, 2525], "summary": {"covered_lines": 8, "num_statements": 8, "percent_covered": 100.0, "percent_covered_display": "100", "missing_lines": 0, "excluded_lines": 0, "percent_statements_covered": 100.0, "percent_statements_covered_display": "100"}, "missing_lines": [], "excluded_lines": [], "start_line": 2492}, "get_mcp_catalog": {"executed_lines": [2531, 2532], "summary": {"covered_lines": 2, "num_statements": 2, "percent_covered": 100.0, "percent_covered_display": "100", "missing_lines": 0, "excluded_lines": 0, "percent_statements_covered": 100.0, "percent_statements_covered_display": "100"}, "missing_lines": [], "excluded_lines": [], "start_line": 2529}, "get_mcp_tools": {"executed_lines": [2538], "summary": {"covered_lines": 1, "num_statements": 1, "percent_covered": 100.0, "percent_covered_display": "100", "missing_lines": 0, "excluded_lines": 0, "percent_statements_covered": 100.0, "percent_statements_covered_display": "100"}, "missing_lines": [], "excluded_lines": [], "start_line": 2536}, "test_mcp_tool": {"executed_lines": [2555, 2556, 2557], "summary": {"covered_lines": 3, "num_statements": 7, "percent_covered": 42.857142857142854, "percent_covered_display": "43", "missing_lines": 4, "excluded_lines": 0, "percent_statements_covered": 42.857142857142854, "percent_statements_covered_display": "43"}, "missing_lines": [2561, 2562, 2563, 2564], "excluded_lines": [], "start_line": 2550}, "get_mcp_clients": {"executed_lines": [2573, 2579, 2581, 2582, 2583, 2593], "summary": {"covered_lines": 6, "num_statements": 6, "percent_covered": 100.0, "percent_covered_display": "100", "missing_lines": 0, "excluded_lines": 0, "percent_statements_covered": 100.0, "percent_statements_covered_display": "100"}, "missing_lines": [], "excluded_lines": [], "start_line": 2568}, "get_mcp_status": {"executed_lines": [2607, 2612, 2613, 2618, 2623], "summary": {"covered_lines": 5, "num_statements": 8, "percent_covered": 62.5, "percent_covered_display": "62", "missing_lines": 3, "excluded_lines": 0, "percent_statements_covered": 62.5, "percent_statements_covered_display": "62"}, "missing_lines": [2608, 2630, 2631], "excluded_lines": [], "start_line": 2600}, "get_mcp_client_servers": {"executed_lines": [2640, 2641, 2642], "summary": {"covered_lines": 3, "num_statements": 5, "percent_covered": 60.0, "percent_covered_display": "60", "missing_lines": 2, "excluded_lines": 0, "percent_statements_covered": 60.0, "percent_statements_covered_display": "60"}, "missing_lines": [2643, 2644], "excluded_lines": [], "start_line": 2635}, "get_mcp_client_tools": {"executed_lines": [2653, 2654, 2655], "summary": {"covered_lines": 3, "num_statements": 5, "percent_covered": 60.0, "percent_covered_display": "60", "missing_lines": 2, "excluded_lines": 0, "percent_statements_covered": 60.0, "percent_statements_covered_display": "60"}, "missing_lines": [2656, 2657], "excluded_lines": [], "start_line": 2648}, "execute_mcp_client_tool": {"executed_lines": [2671, 2672, 2673, 2674, 2680, 2682, 2684, 2685], "summary": {"covered_lines": 8, "num_statements": 10, "percent_covered": 80.0, "percent_covered_display": "80", "missing_lines": 2, "excluded_lines": 0, "percent_statements_covered": 80.0, "percent_statements_covered_display": "80"}, "missing_lines": [2681, 2683], "excluded_lines": [], "start_line": 2664}, "remove_mcp_client_tool": {"executed_lines": [], "summary": {"covered_lines": 0, "num_statements": 10, "percent_covered": 0.0, "percent_covered_display": "0", "missing_lines": 10, "excluded_lines": 0, "percent_statements_covered": 0.0, "percent_statements_covered_display": "0"}, "missing_lines": [2699, 2700, 2701, 2702, 2703, 2707, 2712, 2713, 2714, 2715], "excluded_lines": [], "start_line": 2689}, "get_mcp_client_resource": {"executed_lines": [2728, 2729, 2730, 2731], "summary": {"covered_lines": 4, "num_statements": 10, "percent_covered": 40.0, "percent_covered_display": "40", "missing_lines": 6, "excluded_lines": 0, "percent_statements_covered": 40.0, "percent_statements_covered_display": "40"}, "missing_lines": [2736, 2737, 2738, 2739, 2740, 2741], "excluded_lines": [], "start_line": 2722}, "get_mcp_client_health": {"executed_lines": [2747, 2748, 2749, 2750], "summary": {"covered_lines": 4, "num_statements": 6, "percent_covered": 66.66666666666667, "percent_covered_display": "67", "missing_lines": 2, "excluded_lines": 0, "percent_statements_covered": 66.66666666666667, "percent_statements_covered_display": "67"}, "missing_lines": [2751, 2752], "excluded_lines": [], "start_line": 2745}, "_mcp_runtime_error_status": {"executed_lines": [2757, 2759, 2761, 2762], "summary": {"covered_lines": 4, "num_statements": 10, "percent_covered": 40.0, "percent_covered_display": "40", "missing_lines": 6, "excluded_lines": 0, "percent_statements_covered": 40.0, "percent_statements_covered_display": "40"}, "missing_lines": [2758, 2760, 2764, 2765, 2766, 2767], "excluded_lines": [], "start_line": 2755}, "start_mcp_client_server": {"executed_lines": [2776, 2777, 2778, 2784, 2785], "summary": {"covered_lines": 5, "num_statements": 6, "percent_covered": 83.33333333333333, "percent_covered_display": "83", "missing_lines": 1, "excluded_lines": 0, "percent_statements_covered": 83.33333333333333, "percent_statements_covered_display": "83"}, "missing_lines": [2779], "excluded_lines": [], "start_line": 2771}, "stop_mcp_client_server": {"executed_lines": [], "summary": {"covered_lines": 0, "num_statements": 6, "percent_covered": 0.0, "percent_covered_display": "0", "missing_lines": 6, "excluded_lines": 0, "percent_statements_covered": 0.0, "percent_statements_covered_display": "0"}, "missing_lines": [2797, 2798, 2799, 2800, 2805, 2806], "excluded_lines": [], "start_line": 2792}, "restart_mcp_client_server": {"executed_lines": [2815, 2816, 2817, 2818], "summary": {"covered_lines": 4, "num_statements": 6, "percent_covered": 66.66666666666667, "percent_covered_display": "67", "missing_lines": 2, "excluded_lines": 0, "percent_statements_covered": 66.66666666666667, "percent_statements_covered_display": "67"}, "missing_lines": [2823, 2824], "excluded_lines": [], "start_line": 2810}, "get_mcp_client_permissions": {"executed_lines": [2838, 2843, 2844, 2849], "summary": {"covered_lines": 4, "num_statements": 7, "percent_covered": 57.142857142857146, "percent_covered_display": "57", "missing_lines": 3, "excluded_lines": 0, "percent_statements_covered": 57.142857142857146, "percent_statements_covered_display": "57"}, "missing_lines": [2839, 2854, 2855], "excluded_lines": [], "start_line": 2831}, "update_mcp_client_permissions": {"executed_lines": [2864, 2865, 2873, 2874, 2878, 2883], "summary": {"covered_lines": 6, "num_statements": 8, "percent_covered": 75.0, "percent_covered_display": "75", "missing_lines": 2, "excluded_lines": 0, "percent_statements_covered": 75.0, "percent_statements_covered_display": "75"}, "missing_lines": [2888, 2889], "excluded_lines": [], "start_line": 2859}, "configure_mcp": {"executed_lines": [2898, 2899, 2903, 2904, 2906, 2907, 2913, 2914, 2915, 2916, 2917, 2926, 2934, 2942, 2943, 2944, 2958], "summary": {"covered_lines": 17, "num_statements": 30, "percent_covered": 56.666666666666664, "percent_covered_display": "57", "missing_lines": 13, "excluded_lines": 0, "percent_statements_covered": 56.666666666666664, "percent_statements_covered_display": "57"}, "missing_lines": [2922, 2923, 2924, 2925, 2945, 2951, 2952, 2955, 2956, 2965, 2966, 2967, 2968], "excluded_lines": [], "start_line": 2893}, "add_custom_mcp_server": {"executed_lines": [2977, 2978, 2981, 2982, 2988, 2989, 2990, 2993, 2994, 2999, 3000, 3005, 3008, 3010, 3012, 3017, 3020, 3021, 3029, 3034, 3035, 3036, 3037, 3038, 3040, 3041, 3042, 3043, 3044, 3045, 3046, 3047, 3048, 3059, 3069, 3072, 3075, 3076, 3078, 3080, 3081, 3083, 3084, 3090, 3091, 3094, 3115, 3118], "summary": {"covered_lines": 48, "num_statements": 61, "percent_covered": 78.68852459016394, "percent_covered_display": "79", "missing_lines": 13, "excluded_lines": 0, "percent_statements_covered": 78.68852459016394, "percent_statements_covered_display": "79"}, "missing_lines": [3009, 3011, 3013, 3049, 3050, 3055, 3056, 3057, 3058, 3070, 3116, 3125, 3126], "excluded_lines": [], "start_line": 2972}, "MCPCustomServerUpdateRequest.validate_client": {"executed_lines": [3145, 3146, 3148], "summary": {"covered_lines": 3, "num_statements": 4, "percent_covered": 75.0, "percent_covered_display": "75", "missing_lines": 1, "excluded_lines": 0, "percent_statements_covered": 75.0, "percent_statements_covered_display": "75"}, "missing_lines": [3147], "excluded_lines": [], "start_line": 3143}, "MCPCustomServerUpdateRequest.validate_command": {"executed_lines": [3154, 3156, 3157, 3159, 3164], "summary": {"covered_lines": 5, "num_statements": 8, "percent_covered": 62.5, "percent_covered_display": "62", "missing_lines": 3, "excluded_lines": 0, "percent_statements_covered": 62.5, "percent_statements_covered_display": "62"}, "missing_lines": [3155, 3158, 3160], "excluded_lines": [], "start_line": 3152}, "MCPCustomServerUpdateRequest.validate_env": {"executed_lines": [], "summary": {"covered_lines": 0, "num_statements": 8, "percent_covered": 0.0, "percent_covered_display": "0", "missing_lines": 8, "excluded_lines": 0, "percent_statements_covered": 0.0, "percent_statements_covered_display": "0"}, "missing_lines": [3170, 3171, 3172, 3173, 3174, 3175, 3176, 3177], "excluded_lines": [], "start_line": 3168}, "_mask_env_in_config": {"executed_lines": [3182, 3184, 3185, 3188, 3189, 3190, 3191, 3192, 3193, 3194], "summary": {"covered_lines": 10, "num_statements": 11, "percent_covered": 90.9090909090909, "percent_covered_display": "91", "missing_lines": 1, "excluded_lines": 0, "percent_statements_covered": 90.9090909090909, "percent_statements_covered_display": "91"}, "missing_lines": [3186], "excluded_lines": [], "start_line": 3180}, "update_custom_mcp_server": {"executed_lines": [3204, 3205, 3206, 3211, 3217, 3218, 3223, 3224, 3228, 3230, 3231, 3232, 3233, 3235, 3240, 3243, 3245, 3253, 3254, 3255, 3256, 3257, 3258, 3259, 3267, 3270, 3275, 3276], "summary": {"covered_lines": 28, "num_statements": 33, "percent_covered": 84.84848484848484, "percent_covered_display": "85", "missing_lines": 5, "excluded_lines": 0, "percent_statements_covered": 84.84848484848484, "percent_statements_covered_display": "85"}, "missing_lines": [3225, 3234, 3236, 3241, 3268], "excluded_lines": [], "start_line": 3198}, "delete_custom_mcp_server": {"executed_lines": [3288, 3290, 3291, 3296, 3297, 3302, 3309, 3310, 3316, 3319, 3324, 3325], "summary": {"covered_lines": 12, "num_statements": 14, "percent_covered": 85.71428571428571, "percent_covered_display": "86", "missing_lines": 2, "excluded_lines": 0, "percent_statements_covered": 85.71428571428571, "percent_statements_covered_display": "86"}, "missing_lines": [3292, 3317], "excluded_lines": [], "start_line": 3280}, "MCPCustomImportRequest.validate_client": {"executed_lines": [3350, 3351, 3353], "summary": {"covered_lines": 3, "num_statements": 4, "percent_covered": 75.0, "percent_covered_display": "75", "missing_lines": 1, "excluded_lines": 0, "percent_statements_covered": 75.0, "percent_statements_covered_display": "75"}, "missing_lines": [3352], "excluded_lines": [], "start_line": 3348}, "export_custom_mcp_servers": {"executed_lines": [3374, 3375, 3381, 3382, 3387, 3393, 3394, 3396, 3397, 3398, 3399, 3400, 3402, 3411], "summary": {"covered_lines": 14, "num_statements": 16, "percent_covered": 87.5, "percent_covered_display": "88", "missing_lines": 2, "excluded_lines": 0, "percent_statements_covered": 87.5, "percent_statements_covered_display": "88"}, "missing_lines": [3376, 3401], "excluded_lines": [], "start_line": 3367}, "import_custom_mcp_servers": {"executed_lines": [3420, 3421, 3426, 3432, 3433, 3434, 3435, 3436, 3438, 3439, 3440, 3441, 3442, 3445, 3447, 3458, 3459, 3460, 3461, 3464, 3466, 3467, 3468, 3475, 3477, 3478, 3479, 3482, 3484, 3485, 3486, 3487, 3488, 3491, 3494, 3498, 3499, 3505, 3524, 3525, 3526, 3537, 3539, 3542], "summary": {"covered_lines": 44, "num_statements": 52, "percent_covered": 84.61538461538461, "percent_covered_display": "85", "missing_lines": 8, "excluded_lines": 0, "percent_statements_covered": 84.61538461538461, "percent_statements_covered_display": "85"}, "missing_lines": [3448, 3449, 3456, 3492, 3527, 3528, 3529, 3540], "excluded_lines": [], "start_line": 3415}, "reset_mcp_config": {"executed_lines": [3557, 3558, 3563, 3565, 3566, 3570, 3578, 3581, 3589, 3590], "summary": {"covered_lines": 10, "num_statements": 11, "percent_covered": 90.9090909090909, "percent_covered_display": "91", "missing_lines": 1, "excluded_lines": 0, "percent_statements_covered": 90.9090909090909, "percent_statements_covered_display": "91"}, "missing_lines": [3579], "excluded_lines": [], "start_line": 3552}, "list_templates": {"executed_lines": [3608, 3610, 3611], "summary": {"covered_lines": 3, "num_statements": 3, "percent_covered": 100.0, "percent_covered_display": "100", "missing_lines": 0, "excluded_lines": 0, "percent_statements_covered": 100.0, "percent_statements_covered_display": "100"}, "missing_lines": [], "excluded_lines": [], "start_line": 3594}, "get_template": {"executed_lines": [3630, 3632, 3633, 3634], "summary": {"covered_lines": 4, "num_statements": 6, "percent_covered": 66.66666666666667, "percent_covered_display": "67", "missing_lines": 2, "excluded_lines": 0, "percent_statements_covered": 66.66666666666667, "percent_statements_covered_display": "67"}, "missing_lines": [3635, 3636], "excluded_lines": [], "start_line": 3615}, "render_template": {"executed_lines": [3663, 3665, 3666, 3667, 3668], "summary": {"covered_lines": 5, "num_statements": 9, "percent_covered": 55.55555555555556, "percent_covered_display": "56", "missing_lines": 4, "excluded_lines": 0, "percent_statements_covered": 55.55555555555556, "percent_statements_covered_display": "56"}, "missing_lines": [3669, 3670, 3671, 3672], "excluded_lines": [], "start_line": 3646}, "health_check": {"executed_lines": [3678], "summary": {"covered_lines": 1, "num_statements": 1, "percent_covered": 100.0, "percent_covered_display": "100", "missing_lines": 0, "excluded_lines": 0, "percent_statements_covered": 100.0, "percent_statements_covered_display": "100"}, "missing_lines": [], "excluded_lines": [], "start_line": 3676}, "_provider_health_snapshot": {"executed_lines": [3683, 3694, 3696, 3697, 3698, 3699, 3700, 3701, 3712, 3713, 3714, 3715, 3722, 3723, 3732, 3733, 3739, 3746, 3748, 3749], "summary": {"covered_lines": 20, "num_statements": 25, "percent_covered": 80.0, "percent_covered_display": "80", "missing_lines": 5, "excluded_lines": 0, "percent_statements_covered": 80.0, "percent_statements_covered_display": "80"}, "missing_lines": [3702, 3709, 3710, 3724, 3731], "excluded_lines": [], "start_line": 3681}, "provider_health_check": {"executed_lines": [3764], "summary": {"covered_lines": 1, "num_statements": 1, "percent_covered": 100.0, "percent_covered_display": "100", "missing_lines": 0, "excluded_lines": 0, "percent_statements_covered": 100.0, "percent_statements_covered_display": "100"}, "missing_lines": [], "excluded_lines": [], "start_line": 3762}, "get_metrics": {"executed_lines": [3770], "summary": {"covered_lines": 1, "num_statements": 1, "percent_covered": 100.0, "percent_covered_display": "100", "missing_lines": 0, "excluded_lines": 0, "percent_statements_covered": 100.0, "percent_statements_covered_display": "100"}, "missing_lines": [], "excluded_lines": [], "start_line": 3768}, "_register_v1_api_aliases": {"executed_lines": [3782, 3784, 3785, 3786, 3788, 3789, 3790, 3792, 3807], "summary": {"covered_lines": 9, "num_statements": 9, "percent_covered": 100.0, "percent_covered_display": "100", "missing_lines": 0, "excluded_lines": 0, "percent_statements_covered": 100.0, "percent_statements_covered_display": "100"}, "missing_lines": [], "excluded_lines": [], "start_line": 3780}, "": {"executed_lines": [3, 4, 5, 6, 7, 8, 9, 10, 11, 12, 13, 14, 15, 16, 17, 18, 20, 21, 22, 32, 33, 34, 35, 36, 37, 38, 40, 41, 42, 43, 44, 45, 46, 47, 59, 62, 63, 64, 65, 71, 75, 78, 81, 82, 86, 103, 104, 107, 118, 129, 132, 133, 134, 135, 136, 139, 147, 152, 162, 185, 193, 198, 207, 218, 219, 234, 240, 241, 242, 245, 246, 307, 313, 314, 321, 330, 335, 340, 349, 352, 354, 356, 372, 373, 374, 375, 377, 380, 400, 405, 434, 450, 463, 473, 474, 477, 479, 485, 486, 490, 493, 494, 495, 496, 497, 498, 499, 500, 501, 502, 503, 505, 506, 507, 514, 515, 516, 521, 522, 523, 528, 529, 530, 536, 539, 540, 542, 543, 544, 550, 551, 552, 560, 563, 564, 565, 566, 567, 568, 569, 570, 571, 572, 575, 578, 579, 582, 585, 586, 587, 590, 604, 702, 703, 718, 719, 736, 737, 748, 749, 764, 767, 768, 769, 770, 771, 772, 775, 778, 779, 782, 783, 855, 856, 881, 882, 890, 891, 892, 1150, 1151, 1649, 1650, 1655, 1656, 1662, 1665, 1666, 1667, 1668, 1671, 1674, 1675, 1678, 1681, 1682, 1683, 1684, 1685, 1688, 1691, 1692, 1693, 1694, 1695, 1698, 1701, 1702, 1703, 1704, 1705, 1706, 1707, 1709, 1710, 1711, 1719, 1722, 1725, 1726, 1727, 1728, 1729, 1730, 1731, 1732, 1733, 1734, 1735, 1737, 1738, 1739, 1746, 1747, 1748, 1756, 1757, 1758, 1770, 1771, 1772, 1782, 1785, 1786, 1787, 1788, 1790, 1791, 1792, 1799, 1802, 1803, 1804, 1805, 1808, 1811, 1812, 1813, 1814, 1815, 1818, 1821, 1822, 1823, 1824, 1825, 1826, 1827, 1828, 1829, 1830, 1831, 1832, 1835, 1838, 1839, 1840, 1841, 1842, 1843, 1846, 1849, 1850, 1851, 1852, 1855, 1858, 1859, 1860, 1863, 1866, 1867, 1868, 1869, 1872, 1875, 1876, 1877, 1880, 1883, 1884, 1885, 1886, 1888, 1889, 1890, 1897, 1900, 1901, 1904, 2036, 2050, 2241, 2262, 2301, 2337, 2366, 2396, 2397, 2491, 2492, 2528, 2529, 2535, 2536, 2549, 2550, 2567, 2568, 2596, 2599, 2600, 2634, 2635, 2647, 2648, 2660, 2664, 2688, 2689, 2718, 2722, 2744, 2745, 2755, 2770, 2771, 2791, 2792, 2809, 2810, 2830, 2831, 2858, 2859, 2892, 2893, 2971, 2972, 3129, 3132, 3133, 3134, 3135, 3136, 3137, 3138, 3139, 3141, 3142, 3143, 3150, 3151, 3152, 3166, 3167, 3168, 3180, 3197, 3198, 3279, 3280, 3328, 3331, 3332, 3333, 3334, 3337, 3340, 3341, 3342, 3343, 3344, 3346, 3347, 3348, 3356, 3359, 3360, 3361, 3362, 3363, 3366, 3367, 3414, 3415, 3551, 3552, 3593, 3594, 3614, 3615, 3639, 3642, 3645, 3646, 3675, 3676, 3681, 3760, 3761, 3762, 3767, 3768, 3780, 3810, 3813], "summary": {"covered_lines": 427, "num_statements": 432, "percent_covered": 98.8425925925926, "percent_covered_display": "99", "missing_lines": 5, "excluded_lines": 0, "percent_statements_covered": 98.8425925925926, "percent_statements_covered_display": "99"}, "missing_lines": [322, 336, 3814, 3817, 3819], "excluded_lines": [], "start_line": 1}}, "classes": {"ChatCompletionRequest": {"executed_lines": [508, 509, 512, 517, 518, 519, 524, 525, 531, 532], "summary": {"covered_lines": 10, "num_statements": 12, "percent_covered": 83.33333333333333, "percent_covered_display": "83", "missing_lines": 2, "excluded_lines": 0, "percent_statements_covered": 83.33333333333333, "percent_statements_covered_display": "83"}, "missing_lines": [526, 533], "excluded_lines": [], "start_line": 490}, "StreamMessage": {"executed_lines": [545, 546, 547, 548, 554, 555, 556, 557], "summary": {"covered_lines": 8, "num_statements": 8, "percent_covered": 100.0, "percent_covered_display": "100", "missing_lines": 0, "excluded_lines": 0, "percent_statements_covered": 100.0, "percent_statements_covered_display": "100"}, "missing_lines": [], "excluded_lines": [], "start_line": 536}, "ChatCompletionResponse": {"executed_lines": [], "summary": {"covered_lines": 0, "num_statements": 0, "percent_covered": 100.0, "percent_covered_display": "100", "missing_lines": 0, "excluded_lines": 0, "percent_statements_covered": 100.0, "percent_statements_covered_display": "100"}, "missing_lines": [], "excluded_lines": [], "start_line": 560}, "ProviderInfo": {"executed_lines": [], "summary": {"covered_lines": 0, "num_statements": 0, "percent_covered": 100.0, "percent_covered_display": "100", "missing_lines": 0, "excluded_lines": 0, "percent_statements_covered": 100.0, "percent_statements_covered_display": "100"}, "missing_lines": [], "excluded_lines": [], "start_line": 575}, "ErrorResponse": {"executed_lines": [], "summary": {"covered_lines": 0, "num_statements": 0, "percent_covered": 100.0, "percent_covered_display": "100", "missing_lines": 0, "excluded_lines": 0, "percent_statements_covered": 100.0, "percent_statements_covered_display": "100"}, "missing_lines": [], "excluded_lines": [], "start_line": 582}, "ModelInfo": {"executed_lines": [], "summary": {"covered_lines": 0, "num_statements": 0, "percent_covered": 100.0, "percent_covered_display": "100", "missing_lines": 0, "excluded_lines": 0, "percent_statements_covered": 100.0, "percent_statements_covered_display": "100"}, "missing_lines": [], "excluded_lines": [], "start_line": 764}, "ModelListResponse": {"executed_lines": [], "summary": {"covered_lines": 0, "num_statements": 0, "percent_covered": 100.0, "percent_covered_display": "100", "missing_lines": 0, "excluded_lines": 0, "percent_statements_covered": 100.0, "percent_statements_covered_display": "100"}, "missing_lines": [], "excluded_lines": [], "start_line": 775}, "ProviderModelsInfo": {"executed_lines": [], "summary": {"covered_lines": 0, "num_statements": 0, "percent_covered": 100.0, "percent_covered_display": "100", "missing_lines": 0, "excluded_lines": 0, "percent_statements_covered": 100.0, "percent_statements_covered_display": "100"}, "missing_lines": [], "excluded_lines": [], "start_line": 1662}, "AllModelsResponse": {"executed_lines": [], "summary": {"covered_lines": 0, "num_statements": 0, "percent_covered": 100.0, "percent_covered_display": "100", "missing_lines": 0, "excluded_lines": 0, "percent_statements_covered": 100.0, "percent_statements_covered_display": "100"}, "missing_lines": [], "excluded_lines": [], "start_line": 1671}, "MCPClientInfo": {"executed_lines": [], "summary": {"covered_lines": 0, "num_statements": 0, "percent_covered": 100.0, "percent_covered_display": "100", "missing_lines": 0, "excluded_lines": 0, "percent_statements_covered": 100.0, "percent_statements_covered_display": "100"}, "missing_lines": [], "excluded_lines": [], "start_line": 1678}, "MCPStatusResponse": {"executed_lines": [], "summary": {"covered_lines": 0, "num_statements": 0, "percent_covered": 100.0, "percent_covered_display": "100", "missing_lines": 0, "excluded_lines": 0, "percent_statements_covered": 100.0, "percent_statements_covered_display": "100"}, "missing_lines": [], "excluded_lines": [], "start_line": 1688}, "MCPConfigureRequest": {"executed_lines": [1712, 1713, 1715], "summary": {"covered_lines": 3, "num_statements": 4, "percent_covered": 75.0, "percent_covered_display": "75", "missing_lines": 1, "excluded_lines": 0, "percent_statements_covered": 75.0, "percent_statements_covered_display": "75"}, "missing_lines": [1714], "excluded_lines": [], "start_line": 1698}, "MCPCustomServerRequest": {"executed_lines": [1741, 1742, 1743, 1744, 1750, 1752, 1754, 1760, 1761, 1762, 1763, 1764, 1768, 1774, 1775, 1776, 1777, 1778, 1779], "summary": {"covered_lines": 19, "num_statements": 21, "percent_covered": 90.47619047619048, "percent_covered_display": "90", "missing_lines": 2, "excluded_lines": 0, "percent_statements_covered": 90.47619047619048, "percent_statements_covered_display": "90"}, "missing_lines": [1751, 1753], "excluded_lines": [], "start_line": 1722}, "MCPResetRequest": {"executed_lines": [1793, 1794, 1796], "summary": {"covered_lines": 3, "num_statements": 4, "percent_covered": 75.0, "percent_covered_display": "75", "missing_lines": 1, "excluded_lines": 0, "percent_statements_covered": 75.0, "percent_statements_covered_display": "75"}, "missing_lines": [1795], "excluded_lines": [], "start_line": 1782}, "MCPResetResponse": {"executed_lines": [], "summary": {"covered_lines": 0, "num_statements": 0, "percent_covered": 100.0, "percent_covered_display": "100", "missing_lines": 0, "excluded_lines": 0, "percent_statements_covered": 100.0, "percent_statements_covered_display": "100"}, "missing_lines": [], "excluded_lines": [], "start_line": 1799}, "MCPToolInfo": {"executed_lines": [], "summary": {"covered_lines": 0, "num_statements": 0, "percent_covered": 100.0, "percent_covered_display": "100", "missing_lines": 0, "excluded_lines": 0, "percent_statements_covered": 100.0, "percent_statements_covered_display": "100"}, "missing_lines": [], "excluded_lines": [], "start_line": 1808}, "MCPClientServerInfo": {"executed_lines": [], "summary": {"covered_lines": 0, "num_statements": 0, "percent_covered": 100.0, "percent_covered_display": "100", "missing_lines": 0, "excluded_lines": 0, "percent_statements_covered": 100.0, "percent_statements_covered_display": "100"}, "missing_lines": [], "excluded_lines": [], "start_line": 1818}, "MCPClientToolInfo": {"executed_lines": [], "summary": {"covered_lines": 0, "num_statements": 0, "percent_covered": 100.0, "percent_covered_display": "100", "missing_lines": 0, "excluded_lines": 0, "percent_statements_covered": 100.0, "percent_statements_covered_display": "100"}, "missing_lines": [], "excluded_lines": [], "start_line": 1835}, "MCPClientToolExecutionResponse": {"executed_lines": [], "summary": {"covered_lines": 0, "num_statements": 0, "percent_covered": 100.0, "percent_covered_display": "100", "missing_lines": 0, "excluded_lines": 0, "percent_statements_covered": 100.0, "percent_statements_covered_display": "100"}, "missing_lines": [], "excluded_lines": [], "start_line": 1846}, "MCPClientResourceResponse": {"executed_lines": [], "summary": {"covered_lines": 0, "num_statements": 0, "percent_covered": 100.0, "percent_covered_display": "100", "missing_lines": 0, "excluded_lines": 0, "percent_statements_covered": 100.0, "percent_statements_covered_display": "100"}, "missing_lines": [], "excluded_lines": [], "start_line": 1855}, "MCPClientHealthResponse": {"executed_lines": [], "summary": {"covered_lines": 0, "num_statements": 0, "percent_covered": 100.0, "percent_covered_display": "100", "missing_lines": 0, "excluded_lines": 0, "percent_statements_covered": 100.0, "percent_statements_covered_display": "100"}, "missing_lines": [], "excluded_lines": [], "start_line": 1863}, "MCPClientPermissionsResponse": {"executed_lines": [], "summary": {"covered_lines": 0, "num_statements": 0, "percent_covered": 100.0, "percent_covered_display": "100", "missing_lines": 0, "excluded_lines": 0, "percent_statements_covered": 100.0, "percent_statements_covered_display": "100"}, "missing_lines": [], "excluded_lines": [], "start_line": 1872}, "MCPClientPermissionsUpdateRequest": {"executed_lines": [1891, 1892, 1894], "summary": {"covered_lines": 3, "num_statements": 4, "percent_covered": 75.0, "percent_covered_display": "75", "missing_lines": 1, "excluded_lines": 0, "percent_statements_covered": 75.0, "percent_statements_covered_display": "75"}, "missing_lines": [1893], "excluded_lines": [], "start_line": 1880}, "MCPToolTestRequest": {"executed_lines": [], "summary": {"covered_lines": 0, "num_statements": 0, "percent_covered": 100.0, "percent_covered_display": "100", "missing_lines": 0, "excluded_lines": 0, "percent_statements_covered": 100.0, "percent_statements_covered_display": "100"}, "missing_lines": [], "excluded_lines": [], "start_line": 1897}, "MCPCustomServerUpdateRequest": {"executed_lines": [3145, 3146, 3148, 3154, 3156, 3157, 3159, 3164], "summary": {"covered_lines": 8, "num_statements": 20, "percent_covered": 40.0, "percent_covered_display": "40", "missing_lines": 12, "excluded_lines": 0, "percent_statements_covered": 40.0, "percent_statements_covered_display": "40"}, "missing_lines": [3147, 3155, 3158, 3160, 3170, 3171, 3172, 3173, 3174, 3175, 3176, 3177], "excluded_lines": [], "start_line": 3129}, "MCPCustomExportEntry": {"executed_lines": [], "summary": {"covered_lines": 0, "num_statements": 0, "percent_covered": 100.0, "percent_covered_display": "100", "missing_lines": 0, "excluded_lines": 0, "percent_statements_covered": 100.0, "percent_statements_covered_display": "100"}, "missing_lines": [], "excluded_lines": [], "start_line": 3328}, "MCPCustomImportRequest": {"executed_lines": [3350, 3351, 3353], "summary": {"covered_lines": 3, "num_statements": 4, "percent_covered": 75.0, "percent_covered_display": "75", "missing_lines": 1, "excluded_lines": 0, "percent_statements_covered": 75.0, "percent_statements_covered_display": "75"}, "missing_lines": [3352], "excluded_lines": [], "start_line": 3337}, "MCPCustomImportResponse": {"executed_lines": [], "summary": {"covered_lines": 0, "num_statements": 0, "percent_covered": 100.0, "percent_covered_display": "100", "missing_lines": 0, "excluded_lines": 0, "percent_statements_covered": 100.0, "percent_statements_covered_display": "100"}, "missing_lines": [], "excluded_lines": [], "start_line": 3356}, "TemplateRenderRequest": {"executed_lines": [], "summary": {"covered_lines": 0, "num_statements": 0, "percent_covered": 100.0, "percent_covered_display": "100", "missing_lines": 0, "excluded_lines": 0, "percent_statements_covered": 100.0, "percent_statements_covered_display": "100"}, "missing_lines": [], "excluded_lines": [], "start_line": 3639}, "": {"executed_lines": [3, 4, 5, 6, 7, 8, 9, 10, 11, 12, 13, 14, 15, 16, 17, 18, 20, 21, 22, 32, 33, 34, 35, 36, 37, 38, 40, 41, 42, 43, 44, 45, 46, 47, 59, 62, 63, 64, 65, 71, 75, 78, 81, 82, 86, 88, 89, 90, 91, 92, 93, 94, 95, 96, 97, 98, 99, 100, 103, 104, 107, 109, 110, 111, 118, 120, 121, 122, 123, 124, 125, 129, 132, 133, 134, 135, 136, 139, 141, 142, 143, 144, 147, 152, 155, 156, 157, 158, 159, 162, 176, 177, 178, 179, 182, 185, 187, 188, 189, 190, 193, 195, 198, 200, 201, 202, 203, 204, 207, 209, 210, 211, 212, 213, 214, 215, 218, 219, 221, 222, 225, 228, 229, 230, 234, 240, 241, 242, 245, 246, 248, 249, 251, 252, 253, 260, 261, 282, 283, 286, 287, 300, 301, 307, 313, 314, 321, 330, 335, 340, 349, 352, 354, 356, 372, 373, 374, 375, 377, 380, 382, 383, 385, 386, 387, 400, 405, 411, 412, 413, 414, 416, 417, 419, 420, 421, 422, 425, 426, 430, 431, 434, 440, 441, 442, 443, 444, 445, 446, 447, 450, 452, 453, 454, 455, 456, 457, 460, 463, 465, 466, 473, 474, 477, 479, 485, 486, 490, 493, 494, 495, 496, 497, 498, 499, 500, 501, 502, 503, 505, 506, 507, 514, 515, 516, 521, 522, 523, 528, 529, 530, 536, 539, 540, 542, 543, 544, 550, 551, 552, 560, 563, 564, 565, 566, 567, 568, 569, 570, 571, 572, 575, 578, 579, 582, 585, 586, 587, 590, 592, 594, 595, 598, 599, 601, 604, 616, 621, 623, 624, 625, 626, 632, 633, 634, 651, 652, 653, 678, 702, 703, 705, 706, 711, 718, 719, 722, 723, 729, 730, 731, 733, 736, 737, 739, 740, 745, 748, 749, 751, 764, 767, 768, 769, 770, 771, 772, 775, 778, 779, 782, 783, 785, 787, 788, 791, 792, 796, 797, 800, 801, 811, 812, 815, 816, 822, 828, 830, 831, 834, 835, 838, 839, 840, 841, 852, 855, 856, 858, 861, 862, 867, 869, 881, 882, 884, 885, 886, 887, 890, 891, 892, 904, 905, 916, 920, 923, 924, 925, 1017, 1020, 1021, 1025, 1030, 1035, 1043, 1044, 1045, 1046, 1055, 1057, 1061, 1081, 1083, 1084, 1085, 1086, 1087, 1090, 1091, 1092, 1094, 1095, 1096, 1097, 1098, 1099, 1100, 1101, 1102, 1103, 1104, 1105, 1106, 1107, 1108, 1109, 1113, 1114, 1115, 1118, 1120, 1121, 1122, 1123, 1126, 1129, 1130, 1132, 1135, 1137, 1144, 1145, 1147, 1150, 1151, 1160, 1163, 1165, 1167, 1168, 1170, 1171, 1174, 1175, 1187, 1188, 1189, 1190, 1191, 1192, 1193, 1195, 1197, 1198, 1199, 1200, 1212, 1214, 1215, 1216, 1217, 1218, 1219, 1220, 1221, 1222, 1225, 1226, 1234, 1235, 1236, 1244, 1247, 1250, 1258, 1260, 1263, 1266, 1269, 1270, 1273, 1274, 1275, 1276, 1277, 1292, 1295, 1301, 1388, 1389, 1390, 1391, 1392, 1413, 1416, 1417, 1421, 1430, 1433, 1441, 1443, 1444, 1445, 1454, 1463, 1480, 1483, 1484, 1486, 1487, 1488, 1489, 1490, 1491, 1493, 1494, 1495, 1496, 1497, 1506, 1511, 1513, 1516, 1517, 1518, 1519, 1523, 1534, 1535, 1536, 1537, 1538, 1539, 1540, 1541, 1542, 1544, 1563, 1584, 1586, 1587, 1588, 1589, 1590, 1598, 1599, 1600, 1601, 1604, 1605, 1608, 1609, 1610, 1613, 1641, 1643, 1644, 1645, 1646, 1649, 1650, 1655, 1656, 1662, 1665, 1666, 1667, 1668, 1671, 1674, 1675, 1678, 1681, 1682, 1683, 1684, 1685, 1688, 1691, 1692, 1693, 1694, 1695, 1698, 1701, 1702, 1703, 1704, 1705, 1706, 1707, 1709, 1710, 1711, 1719, 1722, 1725, 1726, 1727, 1728, 1729, 1730, 1731, 1732, 1733, 1734, 1735, 1737, 1738, 1739, 1746, 1747, 1748, 1756, 1757, 1758, 1770, 1771, 1772, 1782, 1785, 1786, 1787, 1788, 1790, 1791, 1792, 1799, 1802, 1803, 1804, 1805, 1808, 1811, 1812, 1813, 1814, 1815, 1818, 1821, 1822, 1823, 1824, 1825, 1826, 1827, 1828, 1829, 1830, 1831, 1832, 1835, 1838, 1839, 1840, 1841, 1842, 1843, 1846, 1849, 1850, 1851, 1852, 1855, 1858, 1859, 1860, 1863, 1866, 1867, 1868, 1869, 1872, 1875, 1876, 1877, 1880, 1883, 1884, 1885, 1886, 1888, 1889, 1890, 1897, 1900, 1901, 1904, 2036, 2050, 2052, 2055, 2056, 2057, 2058, 2059, 2060, 2064, 2071, 2241, 2243, 2244, 2246, 2262, 2268, 2273, 2279, 2282, 2285, 2286, 2287, 2288, 2290, 2298, 2301, 2303, 2304, 2305, 2309, 2310, 2311, 2312, 2313, 2314, 2334, 2337, 2339, 2340, 2342, 2343, 2344, 2345, 2346, 2352, 2363, 2366, 2371, 2374, 2375, 2377, 2378, 2381, 2382, 2384, 2385, 2386, 2387, 2388, 2390, 2393, 2396, 2397, 2404, 2405, 2407, 2420, 2422, 2423, 2424, 2427, 2428, 2429, 2430, 2431, 2434, 2437, 2438, 2441, 2442, 2443, 2445, 2446, 2449, 2455, 2456, 2458, 2473, 2479, 2481, 2491, 2492, 2498, 2499, 2502, 2503, 2504, 2505, 2506, 2525, 2528, 2529, 2531, 2532, 2535, 2536, 2538, 2549, 2550, 2555, 2556, 2557, 2567, 2568, 2573, 2579, 2581, 2582, 2583, 2593, 2596, 2599, 2600, 2607, 2612, 2613, 2618, 2623, 2634, 2635, 2640, 2641, 2642, 2647, 2648, 2653, 2654, 2655, 2660, 2664, 2671, 2672, 2673, 2674, 2680, 2682, 2684, 2685, 2688, 2689, 2718, 2722, 2728, 2729, 2730, 2731, 2744, 2745, 2747, 2748, 2749, 2750, 2755, 2757, 2759, 2761, 2762, 2770, 2771, 2776, 2777, 2778, 2784, 2785, 2791, 2792, 2809, 2810, 2815, 2816, 2817, 2818, 2830, 2831, 2838, 2843, 2844, 2849, 2858, 2859, 2864, 2865, 2873, 2874, 2878, 2883, 2892, 2893, 2898, 2899, 2903, 2904, 2906, 2907, 2913, 2914, 2915, 2916, 2917, 2926, 2934, 2942, 2943, 2944, 2958, 2971, 2972, 2977, 2978, 2981, 2982, 2988, 2989, 2990, 2993, 2994, 2999, 3000, 3005, 3008, 3010, 3012, 3017, 3020, 3021, 3029, 3034, 3035, 3036, 3037, 3038, 3040, 3041, 3042, 3043, 3044, 3045, 3046, 3047, 3048, 3059, 3069, 3072, 3075, 3076, 3078, 3080, 3081, 3083, 3084, 3090, 3091, 3094, 3115, 3118, 3129, 3132, 3133, 3134, 3135, 3136, 3137, 3138, 3139, 3141, 3142, 3143, 3150, 3151, 3152, 3166, 3167, 3168, 3180, 3182, 3184, 3185, 3188, 3189, 3190, 3191, 3192, 3193, 3194, 3197, 3198, 3204, 3205, 3206, 3211, 3217, 3218, 3223, 3224, 3228, 3230, 3231, 3232, 3233, 3235, 3240, 3243, 3245, 3253, 3254, 3255, 3256, 3257, 3258, 3259, 3267, 3270, 3275, 3276, 3279, 3280, 3288, 3290, 3291, 3296, 3297, 3302, 3309, 3310, 3316, 3319, 3324, 3325, 3328, 3331, 3332, 3333, 3334, 3337, 3340, 3341, 3342, 3343, 3344, 3346, 3347, 3348, 3356, 3359, 3360, 3361, 3362, 3363, 3366, 3367, 3374, 3375, 3381, 3382, 3387, 3393, 3394, 3396, 3397, 3398, 3399, 3400, 3402, 3411, 3414, 3415, 3420, 3421, 3426, 3432, 3433, 3434, 3435, 3436, 3438, 3439, 3440, 3441, 3442, 3445, 3447, 3458, 3459, 3460, 3461, 3464, 3466, 3467, 3468, 3475, 3477, 3478, 3479, 3482, 3484, 3485, 3486, 3487, 3488, 3491, 3494, 3498, 3499, 3505, 3524, 3525, 3526, 3537, 3539, 3542, 3551, 3552, 3557, 3558, 3563, 3565, 3566, 3570, 3578, 3581, 3589, 3590, 3593, 3594, 3608, 3610, 3611, 3614, 3615, 3630, 3632, 3633, 3634, 3639, 3642, 3645, 3646, 3663, 3665, 3666, 3667, 3668, 3675, 3676, 3678, 3681, 3683, 3694, 3696, 3697, 3698, 3699, 3700, 3701, 3712, 3713, 3714, 3715, 3722, 3723, 3732, 3733, 3739, 3746, 3748, 3749, 3760, 3761, 3762, 3764, 3767, 3768, 3770, 3780, 3782, 3784, 3785, 3786, 3788, 3789, 3790, 3792, 3807, 3810, 3813], "summary": {"covered_lines": 1165, "num_statements": 1481, "percent_covered": 78.6630654962863, "percent_covered_display": "79", "missing_lines": 316, "excluded_lines": 0, "percent_statements_covered": 78.6630654962863, "percent_statements_covered_display": "79"}, "missing_lines": [149, 180, 181, 262, 263, 264, 267, 279, 280, 322, 336, 402, 596, 600, 707, 724, 732, 741, 859, 926, 929, 930, 931, 933, 934, 938, 940, 941, 942, 944, 947, 948, 953, 956, 957, 959, 961, 962, 968, 970, 973, 974, 975, 978, 988, 989, 994, 996, 999, 1002, 1004, 1009, 1026, 1110, 1111, 1133, 1176, 1184, 1196, 1201, 1209, 1302, 1305, 1306, 1307, 1309, 1310, 1314, 1316, 1317, 1318, 1320, 1323, 1324, 1329, 1332, 1333, 1335, 1337, 1338, 1344, 1346, 1349, 1350, 1351, 1354, 1363, 1364, 1368, 1370, 1372, 1375, 1376, 1380, 1426, 1507, 1509, 1510, 1512, 1585, 1611, 1612, 1614, 1615, 1624, 1625, 1626, 1627, 1628, 1629, 1630, 1631, 1638, 1639, 1652, 1658, 1659, 2038, 2039, 2040, 2041, 2042, 2043, 2044, 2045, 2046, 2047, 2053, 2073, 2074, 2075, 2076, 2077, 2088, 2089, 2090, 2091, 2092, 2093, 2094, 2098, 2104, 2105, 2106, 2107, 2108, 2109, 2114, 2116, 2117, 2118, 2119, 2125, 2126, 2127, 2130, 2137, 2138, 2140, 2141, 2142, 2143, 2144, 2145, 2146, 2150, 2151, 2154, 2161, 2162, 2163, 2164, 2165, 2166, 2167, 2168, 2171, 2172, 2173, 2174, 2175, 2178, 2181, 2182, 2194, 2196, 2197, 2198, 2199, 2202, 2207, 2208, 2209, 2210, 2211, 2214, 2217, 2223, 2224, 2231, 2238, 2283, 2289, 2372, 2376, 2379, 2561, 2562, 2563, 2564, 2608, 2630, 2631, 2643, 2644, 2656, 2657, 2681, 2683, 2699, 2700, 2701, 2702, 2703, 2707, 2712, 2713, 2714, 2715, 2736, 2737, 2738, 2739, 2740, 2741, 2751, 2752, 2758, 2760, 2764, 2765, 2766, 2767, 2779, 2797, 2798, 2799, 2800, 2805, 2806, 2823, 2824, 2839, 2854, 2855, 2888, 2889, 2922, 2923, 2924, 2925, 2945, 2951, 2952, 2955, 2956, 2965, 2966, 2967, 2968, 3009, 3011, 3013, 3049, 3050, 3055, 3056, 3057, 3058, 3070, 3116, 3125, 3126, 3186, 3225, 3234, 3236, 3241, 3268, 3292, 3317, 3376, 3401, 3448, 3449, 3456, 3492, 3527, 3528, 3529, 3540, 3579, 3635, 3636, 3669, 3670, 3671, 3672, 3702, 3709, 3710, 3724, 3731, 3814, 3817, 3819], "excluded_lines": [], "start_line": 1}}}, "cli/__init__.py": {"executed_lines": [3, 5], "summary": {"covered_lines": 2, "num_statements": 2, "percent_covered": 100.0, "percent_covered_display": "100", "missing_lines": 0, "excluded_lines": 0, "percent_statements_covered": 100.0, "percent_statements_covered_display": "100"}, "missing_lines": [], "excluded_lines": [], "functions": {"": {"executed_lines": [3, 5], "summary": {"covered_lines": 2, "num_statements": 2, "percent_covered": 100.0, "percent_covered_display": "100", "missing_lines": 0, "excluded_lines": 0, "percent_statements_covered": 100.0, "percent_statements_covered_display": "100"}, "missing_lines": [], "excluded_lines": [], "start_line": 1}}, "classes": {"": {"executed_lines": [3, 5], "summary": {"covered_lines": 2, "num_statements": 2, "percent_covered": 100.0, "percent_covered_display": "100", "missing_lines": 0, "excluded_lines": 0, "percent_statements_covered": 100.0, "percent_statements_covered_display": "100"}, "missing_lines": [], "excluded_lines": [], "start_line": 1}}}, "cli/stratifyai_cli.py": {"executed_lines": [3, 4, 5, 6, 7, 8, 10, 11, 12, 13, 14, 16, 24, 25, 26, 31, 43, 46, 49, 50, 51, 52, 55, 58, 63, 64, 65, 68, 69, 70, 71, 72, 73, 76, 78, 79, 80, 83, 84, 92, 94, 95, 96, 97, 100, 101, 102, 105, 118, 120, 121, 125, 128, 151, 158, 159, 161, 162, 163, 171, 172, 173, 174, 185, 188, 195, 206, 207, 217, 219, 220, 221, 223, 224, 225, 226, 227, 228, 230, 231, 232, 240, 241, 242, 245, 246, 282, 283, 284, 289, 294, 296, 299, 300, 301, 305, 307, 310, 312, 329, 337, 343, 344, 345, 346, 347, 348, 349, 350, 366, 374, 375, 390, 391, 393, 394, 399, 400, 402, 405, 408, 410, 415, 420, 421, 424, 431, 432, 433, 435, 438, 439, 441, 442, 443, 445, 446, 447, 448, 449, 450, 451, 453, 454, 455, 457, 458, 459, 462, 471, 472, 473, 479, 480, 514, 515, 516, 518, 519, 520, 523, 525, 536, 543, 548, 554, 560, 566, 568, 575, 576, 611, 612, 613, 615, 616, 617, 618, 619, 621, 622, 624, 626, 627, 628, 629, 631, 633, 638, 639, 640, 642, 648, 649, 650, 651, 652, 653, 655, 661, 667, 670, 671, 672, 675, 676, 693, 694, 696, 697, 701, 703, 709, 710, 711, 716, 717, 718, 720, 722, 731, 733, 734, 735, 736, 740, 741, 742, 748, 749, 772, 774, 776, 777, 779, 780, 784, 786, 787, 791, 792, 796, 802, 803, 804, 806, 807, 808, 810, 811, 812, 813, 815, 816, 817, 818, 820, 821, 822, 823, 825, 826, 829, 830, 832, 833, 836, 837, 839, 840, 841, 842, 844, 847, 848, 849, 850, 852, 855, 857, 863, 882, 883, 884, 886, 887, 892, 893, 899, 900, 916, 917, 919, 920, 921, 928, 929, 930, 932, 933, 938, 944, 945, 946, 948, 954, 955, 957, 965, 966, 981, 982, 1047, 1065, 1084, 1085, 1089, 1091, 1105, 1106, 1109, 1162, 1170, 1279, 1324, 1385, 1386, 1387, 1389, 1390, 1392, 1473, 1474, 1477, 1514, 1519, 1520, 1554, 1560, 1561, 1562, 1563, 1566, 1568, 1571, 1572, 1573, 1575, 1578, 1580, 1614, 1617, 1626, 1628, 1631, 1632, 1640, 1643, 1644, 1646, 1648, 1649, 1650, 1651, 1652, 1653, 1656, 1659, 1660, 1662, 1663, 1666, 1667, 1668, 1671, 1676, 1685, 1689, 1691, 1695, 1698, 1701, 1704, 1707, 1710, 1717, 1718, 1719, 1721, 1724, 1725, 1727, 1728, 1729, 1730, 1731, 1732, 1735, 1738, 1739, 1740, 1741, 1742, 1744, 1749, 1750, 1751, 1755, 1761, 1777, 1780, 1783, 1784, 1785, 1786, 1789, 1791, 1792, 1793, 1794, 1797, 1800, 1801, 1804, 1805, 1808, 1809, 1812, 1813, 1816, 1817, 1820, 1821, 1822, 1823, 1826, 1827, 1829, 1835, 1836, 1843, 1845, 1848, 1849, 1850, 1853, 1854, 1855, 1856, 1858, 1859, 1860, 1863, 1866, 1867, 1874, 1875, 1878, 1880, 1883, 1884, 1885, 1888, 1889, 1890, 1893, 1894, 1901, 1902, 1933, 1935, 1942, 1943, 1946, 1948, 1949, 1950, 1953, 1958, 1961, 1962, 1963, 1964, 1965, 1968, 1971, 1979, 1980, 1983, 1984, 1985, 1987, 1988, 1989, 1990, 1993, 1994, 1995, 1999, 2000, 2006, 2007, 2010, 2011, 2012, 2013, 2014, 2020, 2022, 2024, 2029, 2030, 2031, 2032, 2033, 2034, 2035, 2037, 2038, 2039, 2042, 2052, 2053, 2056, 2076, 2077, 2078, 2081, 2082, 2121, 2122, 2123, 2124, 2125, 2126, 2127, 2129, 2131, 2144, 2146, 2151, 2152, 2154, 2400, 2401, 2402, 2405, 2406, 2409, 2412, 2415, 2416, 2422, 2497, 2498, 2501, 2505, 2506, 2507, 2510, 2511, 2514, 2515, 2516, 2517, 2519, 2521, 2524, 2526, 2527, 2530, 2536, 2537, 2588, 2717, 2718, 2720, 2725, 2727, 2763, 2764, 2767, 2768, 2769, 2771, 2772, 2775, 2777, 2778, 2780, 2786, 2791, 2792, 2793, 2798, 2799, 2800, 2801, 2804, 2805, 2812, 2813, 2814, 2819, 2824, 2825, 2826, 2828, 2829, 2830, 2831, 2832, 2833, 2834, 2835, 2838, 2843, 2849, 2851, 2852, 2855, 2865, 2869, 2870, 2873, 2875, 2881, 2882, 2883, 2886, 2891, 2892, 2893, 2898, 2900, 2902, 2905, 2906, 2907, 2908, 2909, 2910, 2917, 2920, 2921, 2922, 2923, 2924, 2930, 2933, 2934, 2937, 2940, 2945, 2950, 2951, 2952, 2953, 2954, 2958, 2962, 2965, 2970, 2971, 2972, 2974, 2976, 2977, 2981, 2982, 2988, 2989, 2990, 2993, 3027, 3062, 3074, 3126, 3325, 3364, 3375, 3379, 3391, 3394, 3398, 3399, 3401, 3435, 3439, 3441, 3442, 3445, 3448, 3451, 3454, 3459, 3468, 3472, 3474, 3478, 3483, 3484, 3485, 3604, 3605, 3606, 3611, 3612, 3725, 3726, 3733, 3734, 3736, 3739, 3740, 3741, 3743, 3746, 3747, 3748, 3751, 3752, 3753, 3754, 3755, 3757, 3758, 3760, 3762, 3765, 3766, 3767, 3768, 3771, 3775, 3776, 3777, 3782, 3783, 3787, 3789, 3790, 3791, 3792, 3793, 3794, 3795, 3797, 3798, 3799, 3800, 3804, 3813, 3816, 3817, 3821, 3828, 3829, 3834, 3835, 3837, 3838, 3839, 3842, 3843, 3844, 3845, 3846, 3849, 3850, 3853, 3854, 3855, 3858, 3859, 3866, 3867, 3898, 3899, 3906, 3908, 3910, 3913, 3914, 3917, 3918, 3919, 3920, 3922, 3923, 3924, 3927, 3928, 3930, 3932, 3935, 3936, 3937, 3938, 3939, 3941, 3946, 3947, 3952, 3953, 3966, 3968, 3969, 3971, 3972, 3973, 3974, 3975, 3977, 3978, 3981, 3982, 3983, 3984, 3986, 3987, 3989, 3990, 3997, 4003, 4004, 4005, 4011, 4012, 4013, 4024, 4025, 4026, 4027, 4028, 4029, 4031, 4039, 4071, 4077, 4080, 4088, 4089, 4091, 4093, 4094, 4097, 4098, 4186, 4191], "summary": {"covered_lines": 850, "num_statements": 1885, "percent_covered": 45.09283819628647, "percent_covered_display": "45", "missing_lines": 1035, "excluded_lines": 0, "percent_statements_covered": 45.09283819628647, "percent_statements_covered_display": "45"}, "missing_lines": [107, 108, 109, 111, 112, 113, 114, 115, 122, 130, 131, 134, 135, 136, 137, 139, 140, 142, 143, 144, 148, 164, 165, 166, 168, 169, 175, 176, 177, 179, 180, 285, 295, 297, 313, 316, 317, 318, 319, 321, 322, 323, 324, 325, 326, 327, 352, 358, 364, 367, 368, 369, 370, 371, 422, 456, 460, 461, 474, 475, 476, 526, 527, 528, 529, 530, 532, 533, 534, 549, 550, 551, 552, 569, 570, 571, 572, 630, 634, 635, 636, 712, 713, 714, 719, 721, 743, 744, 745, 789, 793, 794, 843, 845, 853, 894, 895, 896, 922, 923, 924, 960, 961, 962, 970, 971, 972, 973, 976, 977, 978, 1092, 1094, 1095, 1096, 1097, 1098, 1099, 1100, 1101, 1102, 1110, 1111, 1112, 1123, 1124, 1127, 1128, 1129, 1133, 1134, 1135, 1136, 1137, 1139, 1142, 1143, 1145, 1148, 1149, 1150, 1153, 1154, 1156, 1159, 1171, 1173, 1177, 1179, 1182, 1184, 1185, 1188, 1189, 1193, 1194, 1196, 1199, 1200, 1203, 1204, 1209, 1210, 1213, 1214, 1216, 1219, 1222, 1224, 1229, 1230, 1231, 1232, 1233, 1234, 1237, 1238, 1239, 1241, 1242, 1243, 1244, 1247, 1248, 1249, 1250, 1252, 1253, 1254, 1255, 1256, 1258, 1261, 1262, 1263, 1264, 1267, 1268, 1271, 1272, 1273, 1275, 1276, 1280, 1281, 1283, 1284, 1285, 1290, 1291, 1292, 1293, 1297, 1298, 1299, 1300, 1301, 1303, 1306, 1307, 1308, 1309, 1312, 1313, 1316, 1317, 1320, 1330, 1331, 1334, 1337, 1338, 1339, 1340, 1344, 1346, 1348, 1351, 1352, 1353, 1354, 1359, 1360, 1361, 1364, 1365, 1366, 1367, 1368, 1369, 1374, 1375, 1376, 1378, 1379, 1382, 1394, 1395, 1397, 1398, 1401, 1404, 1410, 1412, 1420, 1421, 1422, 1423, 1424, 1438, 1441, 1443, 1444, 1447, 1448, 1449, 1451, 1456, 1461, 1470, 1478, 1479, 1480, 1482, 1483, 1484, 1485, 1487, 1489, 1494, 1495, 1498, 1499, 1500, 1501, 1505, 1506, 1509, 1510, 1511, 1521, 1522, 1525, 1526, 1527, 1528, 1529, 1530, 1533, 1535, 1536, 1537, 1538, 1539, 1542, 1543, 1544, 1545, 1546, 1547, 1548, 1549, 1569, 1581, 1584, 1587, 1601, 1602, 1607, 1618, 1686, 1690, 1692, 1696, 1745, 1746, 1756, 1778, 1779, 1781, 1782, 1830, 1831, 1832, 1869, 1870, 1871, 1896, 1897, 1898, 1986, 2057, 2058, 2061, 2062, 2065, 2066, 2068, 2071, 2074, 2147, 2148, 2156, 2157, 2160, 2162, 2163, 2166, 2171, 2177, 2178, 2179, 2182, 2187, 2191, 2195, 2196, 2199, 2200, 2203, 2205, 2206, 2209, 2217, 2218, 2221, 2224, 2227, 2230, 2235, 2236, 2237, 2238, 2239, 2240, 2243, 2244, 2245, 2247, 2252, 2253, 2254, 2255, 2258, 2259, 2260, 2261, 2262, 2263, 2264, 2265, 2266, 2268, 2271, 2272, 2273, 2274, 2277, 2278, 2280, 2282, 2285, 2288, 2290, 2291, 2292, 2297, 2298, 2299, 2300, 2305, 2306, 2307, 2308, 2309, 2311, 2314, 2318, 2321, 2322, 2325, 2326, 2331, 2332, 2335, 2338, 2341, 2345, 2350, 2354, 2356, 2359, 2361, 2362, 2365, 2366, 2367, 2370, 2371, 2374, 2376, 2381, 2386, 2395, 2423, 2426, 2430, 2435, 2436, 2437, 2440, 2441, 2444, 2449, 2450, 2451, 2452, 2453, 2456, 2457, 2458, 2459, 2460, 2463, 2467, 2468, 2469, 2470, 2473, 2474, 2475, 2476, 2477, 2482, 2483, 2484, 2488, 2489, 2490, 2491, 2531, 2532, 2533, 2538, 2539, 2550, 2551, 2554, 2555, 2556, 2560, 2561, 2562, 2563, 2564, 2566, 2569, 2570, 2572, 2575, 2576, 2577, 2580, 2
[...]
": "100"}, "missing_lines": [], "excluded_lines": [], "start_line": 386}, "_init_result": {"executed_lines": [395], "summary": {"covered_lines": 1, "num_statements": 1, "percent_covered": 100.0, "percent_covered_display": "100", "missing_lines": 0, "excluded_lines": 0, "percent_statements_covered": 100.0, "percent_statements_covered_display": "100"}, "missing_lines": [], "excluded_lines": [], "start_line": 393}, "get_validated_interactive_models": {"executed_lines": [418, 440, 452, 453, 463, 466, 467, 469, 472, 475, 476, 477, 478, 480, 485], "summary": {"covered_lines": 15, "num_statements": 15, "percent_covered": 100.0, "percent_covered_display": "100", "missing_lines": 0, "excluded_lines": 0, "percent_statements_covered": 100.0, "percent_statements_covered_display": "100"}, "missing_lines": [], "excluded_lines": [], "start_line": 403}, "": {"executed_lines": [6, 7, 8, 10, 13, 57, 95, 146, 206, 255, 267, 277, 289, 338, 386, 393, 403], "summary": {"covered_lines": 17, "num_statements": 17, "percent_covered": 100.0, "percent_covered_display": "100", "missing_lines": 0, "excluded_lines": 0, "percent_statements_covered": 100.0, "percent_statements_covered_display": "100"}, "missing_lines": [], "excluded_lines": [], "start_line": 1}}, "classes": {"": {"executed_lines": [6, 7, 8, 10, 13, 33, 45, 46, 47, 54, 57, 61, 62, 64, 65, 67, 68, 69, 70, 71, 73, 74, 75, 77, 78, 79, 81, 90, 92, 95, 99, 100, 102, 103, 105, 106, 112, 113, 114, 122, 125, 126, 127, 141, 143, 146, 150, 151, 153, 154, 156, 157, 158, 159, 160, 162, 163, 168, 169, 170, 171, 172, 173, 176, 177, 180, 182, 183, 185, 187, 190, 192, 201, 203, 206, 213, 214, 216, 217, 219, 220, 221, 222, 223, 225, 227, 228, 229, 230, 233, 234, 235, 237, 238, 239, 241, 250, 252, 255, 267, 277, 280, 281, 289, 293, 294, 296, 297, 299, 300, 305, 307, 308, 312, 313, 316, 317, 318, 320, 321, 322, 324, 333, 335, 338, 342, 343, 345, 346, 348, 350, 351, 352, 353, 356, 357, 358, 359, 361, 362, 364, 365, 366, 368, 370, 373, 374, 375, 376, 379, 381, 383, 386, 390, 393, 395, 403, 418, 440, 452, 453, 463, 466, 467, 469, 472, 475, 476, 477, 478, 480, 485], "summary": {"covered_lines": 172, "num_statements": 222, "percent_covered": 77.47747747747748, "percent_covered_display": "77", "missing_lines": 50, "excluded_lines": 0, "percent_statements_covered": 77.47747747747748, "percent_statements_covered_display": "77"}, "missing_lines": [83, 84, 85, 86, 87, 88, 107, 108, 109, 115, 117, 118, 119, 121, 131, 132, 134, 135, 136, 137, 138, 139, 174, 178, 194, 195, 196, 197, 198, 199, 243, 244, 245, 246, 247, 248, 259, 269, 301, 302, 303, 326, 327, 328, 329, 330, 331, 371, 372, 378], "excluded_lines": [], "start_line": 1}}}, "stratifyai/utils/reasoning_detector.py": {"executed_lines": [8, 37, 38, 39, 40, 41, 44, 45, 47, 50, 51, 65, 68, 69, 75, 78, 83, 84, 85, 87, 90, 113, 114, 116], "summary": {"covered_lines": 24, "num_statements": 26, "percent_covered": 92.3076923076923, "percent_covered_display": "92", "missing_lines": 2, "excluded_lines": 0, "percent_statements_covered": 92.3076923076923, "percent_statements_covered_display": "92"}, "missing_lines": [79, 80], "excluded_lines": [], "functions": {"is_reasoning_model": {"executed_lines": [37, 38, 39, 40, 41, 44, 45, 47, 50, 51, 65, 68, 69, 75, 78, 83, 84, 85, 87], "summary": {"covered_lines": 19, "num_statements": 21, "percent_covered": 90.47619047619048, "percent_covered_display": "90", "missing_lines": 2, "excluded_lines": 0, "percent_statements_covered": 90.47619047619048, "percent_statements_covered_display": "90"}, "missing_lines": [79, 80], "excluded_lines": [], "start_line": 8}, "get_temperature_for_model": {"executed_lines": [113, 114, 116], "summary": {"covered_lines": 3, "num_statements": 3, "percent_covered": 100.0, "percent_covered_display": "100", "missing_lines": 0, "excluded_lines": 0, "percent_statements_covered": 100.0, "percent_statements_covered_display": "100"}, "missing_lines": [], "excluded_lines": [], "start_line": 90}, "": {"executed_lines": [8, 90], "summary": {"covered_lines": 2, "num_statements": 2, "percent_covered": 100.0, "percent_covered_display": "100", "missing_lines": 0, "excluded_lines": 0, "percent_statements_covered": 100.0, "percent_statements_covered_display": "100"}, "missing_lines": [], "excluded_lines": [], "start_line": 1}}, "classes": {"": {"executed_lines": [8, 37, 38, 39, 40, 41, 44, 45, 47, 50, 51, 65, 68, 69, 75, 78, 83, 84, 85, 87, 90, 113, 114, 116], "summary": {"covered_lines": 24, "num_statements": 26, "percent_covered": 92.3076923076923, "percent_covered_display": "92", "missing_lines": 2, "excluded_lines": 0, "percent_statements_covered": 92.3076923076923, "percent_statements_covered_display": "92"}, "missing_lines": [79, 80], "excluded_lines": [], "start_line": 1}}}, "stratifyai/utils/sanitizer.py": {"executed_lines": [3, 6, 30, 33, 51, 54, 55, 57, 61, 62, 63, 64, 67, 68, 70], "summary": {"covered_lines": 15, "num_statements": 15, "percent_covered": 100.0, "percent_covered_display": "100", "missing_lines": 0, "excluded_lines": 0, "percent_statements_covered": 100.0, "percent_statements_covered_display": "100"}, "missing_lines": [], "excluded_lines": [], "functions": {"sanitize_error": {"executed_lines": [51, 54, 55, 57, 61, 62, 63, 64, 67, 68, 70], "summary": {"covered_lines": 11, "num_statements": 11, "percent_covered": 100.0, "percent_covered_display": "100", "missing_lines": 0, "excluded_lines": 0, "percent_statements_covered": 100.0, "percent_statements_covered_display": "100"}, "missing_lines": [], "excluded_lines": [], "start_line": 33}, "": {"executed_lines": [3, 6, 30, 33], "summary": {"covered_lines": 4, "num_statements": 4, "percent_covered": 100.0, "percent_covered_display": "100", "missing_lines": 0, "excluded_lines": 0, "percent_statements_covered": 100.0, "percent_statements_covered_display": "100"}, "missing_lines": [], "excluded_lines": [], "start_line": 1}}, "classes": {"": {"executed_lines": [3, 6, 30, 33, 51, 54, 55, 57, 61, 62, 63, 64, 67, 68, 70], "summary": {"covered_lines": 15, "num_statements": 15, "percent_covered": 100.0, "percent_covered_display": "100", "missing_lines": 0, "excluded_lines": 0, "percent_statements_covered": 100.0, "percent_statements_covered_display": "100"}, "missing_lines": [], "excluded_lines": [], "start_line": 1}}}, "stratifyai/utils/sync_helpers.py": {"executed_lines": [3, 4, 5, 6, 9, 11, 12, 13, 14, 16, 17], "summary": {"covered_lines": 11, "num_statements": 11, "percent_covered": 100.0, "percent_covered_display": "100", "missing_lines": 0, "excluded_lines": 0, "percent_statements_covered": 100.0, "percent_statements_covered_display": "100"}, "missing_lines": [], "excluded_lines": [], "functions": {"run_sync": {"executed_lines": [11, 12, 13, 14, 16, 17], "summary": {"covered_lines": 6, "num_statements": 6, "percent_covered": 100.0, "percent_covered_display": "100", "missing_lines": 0, "excluded_lines": 0, "percent_statements_covered": 100.0, "percent_statements_covered_display": "100"}, "missing_lines": [], "excluded_lines": [], "start_line": 9}, "": {"executed_lines": [3, 4, 5, 6, 9], "summary": {"covered_lines": 5, "num_statements": 5, "percent_covered": 100.0, "percent_covered_display": "100", "missing_lines": 0, "excluded_lines": 0, "percent_statements_covered": 100.0, "percent_statements_covered_display": "100"}, "missing_lines": [], "excluded_lines": [], "start_line": 1}}, "classes": {"": {"executed_lines": [3, 4, 5, 6, 9, 11, 12, 13, 14, 16, 17], "summary": {"covered_lines": 11, "num_statements": 11, "percent_covered": 100.0, "percent_covered_display": "100", "missing_lines": 0, "excluded_lines": 0, "percent_statements_covered": 100.0, "percent_statements_covered_display": "100"}, "missing_lines": [], "excluded_lines": [], "start_line": 1}}}, "stratifyai/utils/token_counter.py": {"executed_lines": [3, 5, 8, 31, 32, 35, 36, 38, 40, 41, 42, 44, 50, 52, 53, 55, 60, 61, 64, 65, 68, 69, 70, 71, 76, 77, 80, 83, 106, 107, 110, 111, 113, 116, 121, 122, 123, 124, 125, 126, 127, 128, 131, 132, 136, 138, 141, 152, 154, 155, 158, 179, 182, 184, 185, 186, 189, 190, 192], "summary": {"covered_lines": 59, "num_statements": 63, "percent_covered": 93.65079365079364, "percent_covered_display": "94", "missing_lines": 4, "excluded_lines": 0, "percent_statements_covered": 93.65079365079364, "percent_statements_covered_display": "94"}, "missing_lines": [47, 72, 73, 187], "excluded_lines": [], "functions": {"estimate_tokens": {"executed_lines": [31, 32, 35, 36, 38, 40, 41, 42, 44, 50, 52, 53, 55, 60, 61, 64, 65, 68, 69, 70, 71, 76, 77, 80], "summary": {"covered_lines": 24, "num_statements": 27, "percent_covered": 88.88888888888889, "percent_covered_display": "89", "missing_lines": 3, "excluded_lines": 0, "percent_statements_covered": 88.88888888888889, "percent_statements_covered_display": "89"}, "missing_lines": [47, 72, 73], "excluded_lines": [], "start_line": 8}, "count_tokens_for_messages": {"executed_lines": [106, 107, 110, 111, 113, 116, 121, 122, 123, 124, 125, 126, 127, 128, 131, 132, 136, 138], "summary": {"covered_lines": 18, "num_statements": 18, "percent_covered": 100.0, "percent_covered_display": "100", "missing_lines": 0, "excluded_lines": 0, "percent_statements_covered": 100.0, "percent_statements_covered_display": "100"}, "missing_lines": [], "excluded_lines": [], "start_line": 83}, "get_context_window": {"executed_lines": [152, 154, 155], "summary": {"covered_lines": 3, "num_statements": 3, "percent_covered": 100.0, "percent_covered_display": "100", "missing_lines": 0, "excluded_lines": 0, "percent_statements_covered": 100.0, "percent_statements_covered_display": "100"}, "missing_lines": [], "excluded_lines": [], "start_line": 141}, "check_token_limit": {"executed_lines": [179, 182, 184, 185, 186, 189, 190, 192], "summary": {"covered_lines": 8, "num_statements": 9, "percent_covered": 88.88888888888889, "percent_covered_display": "89", "missing_lines": 1, "excluded_lines": 0, "percent_statements_covered": 88.88888888888889, "percent_statements_covered_display": "89"}, "missing_lines": [187], "excluded_lines": [], "start_line": 158}, "": {"executed_lines": [3, 5, 8, 83, 141, 158], "summary": {"covered_lines": 6, "num_statements": 6, "percent_covered": 100.0, "percent_covered_display": "100", "missing_lines": 0, "excluded_lines": 0, "percent_statements_covered": 100.0, "percent_statements_covered_display": "100"}, "missing_lines": [], "excluded_lines": [], "start_line": 1}}, "classes": {"": {"executed_lines": [3, 5, 8, 31, 32, 35, 36, 38, 40, 41, 42, 44, 50, 52, 53, 55, 60, 61, 64, 65, 68, 69, 70, 71, 76, 77, 80, 83, 106, 107, 110, 111, 113, 116, 121, 122, 123, 124, 125, 126, 127, 128, 131, 132, 136, 138, 141, 152, 154, 155, 158, 179, 182, 184, 185, 186, 189, 190, 192], "summary": {"covered_lines": 59, "num_statements": 63, "percent_covered": 93.65079365079364, "percent_covered_display": "94", "missing_lines": 4, "excluded_lines": 0, "percent_statements_covered": 93.65079365079364, "percent_statements_covered_display": "94"}, "missing_lines": [47, 72, 73, 187], "excluded_lines": [], "start_line": 1}}}, "stratifyai/vectordb.py": {"executed_lines": [7, 8, 9, 10, 12, 13, 17, 18, 19, 20, 22, 23, 24, 27, 28, 38, 39, 40, 41, 44, 50, 64, 65, 69, 70, 73, 74, 79, 81, 96, 97, 98, 99, 100, 101, 104, 106, 118, 119, 120, 121, 125, 134, 136, 142, 143, 145, 151, 152, 153, 154, 156, 174, 175, 178, 181, 182, 185, 186, 188, 189, 190, 193, 196, 203, 205, 223, 226, 229, 237, 238, 239, 240, 253, 255, 264, 265, 267, 274, 275, 277, 292, 294, 296, 298, 301, 302, 304, 305, 307, 309, 317, 326, 334, 346, 354, 366, 384, 386, 387, 388, 389, 390, 391, 392, 394, 397, 398, 399, 400, 410], "summary": {"covered_lines": 111, "num_statements": 113, "percent_covered": 98.23008849557522, "percent_covered_display": "98", "missing_lines": 2, "excluded_lines": 0, "percent_statements_covered": 98.23008849557522, "percent_statements_covered_display": "98"}, "missing_lines": [14, 16], "excluded_lines": [], "functions": {"VectorDBClient.__init__": {"executed_lines": [64, 65, 69, 70, 73, 74, 79], "summary": {"covered_lines": 7, "num_statements": 7, "percent_covered": 100.0, "percent_covered_display": "100", "missing_lines": 0, "excluded_lines": 0, "percent_statements_covered": 100.0, "percent_statements_covered_display": "100"}, "missing_lines": [], "excluded_lines": [], "start_line": 50}, "VectorDBClient.create_collection": {"executed_lines": [96, 97, 98, 99, 100, 101, 104], "summary": {"covered_lines": 7, "num_statements": 7, "percent_covered": 100.0, "percent_covered_display": "100", "missing_lines": 0, "excluded_lines": 0, "percent_statements_covered": 100.0, "percent_statements_covered_display": "100"}, "missing_lines": [], "excluded_lines": [], "start_line": 81}, "VectorDBClient.get_collection": {"executed_lines": [118, 119, 120, 121], "summary": {"covered_lines": 4, "num_statements": 4, "percent_covered": 100.0, "percent_covered_display": "100", "missing_lines": 0, "excluded_lines": 0, "percent_statements_covered": 100.0, "percent_statements_covered_display": "100"}, "missing_lines": [], "excluded_lines": [], "start_line": 106}, "VectorDBClient.get_or_create_collection": {"executed_lines": [134], "summary": {"covered_lines": 1, "num_statements": 1, "percent_covered": 100.0, "percent_covered_display": "100", "missing_lines": 0, "excluded_lines": 0, "percent_statements_covered": 100.0, "percent_statements_covered_display": "100"}, "missing_lines": [], "excluded_lines": [], "start_line": 125}, "VectorDBClient.list_collections": {"executed_lines": [142, 143], "summary": {"covered_lines": 2, "num_statements": 2, "percent_covered": 100.0, "percent_covered_display": "100", "missing_lines": 0, "excluded_lines": 0, "percent_statements_covered": 100.0, "percent_statements_covered_display": "100"}, "missing_lines": [], "excluded_lines": [], "start_line": 136}, "VectorDBClient.delete_collection": {"executed_lines": [151, 152, 153, 154], "summary": {"covered_lines": 4, "num_statements": 4, "percent_covered": 100.0, "percent_covered_display": "100", "missing_lines": 0, "excluded_lines": 0, "percent_statements_covered": 100.0, "percent_statements_covered_display": "100"}, "missing_lines": [], "excluded_lines": [], "start_line": 145}, "VectorDBClient.add_documents": {"executed_lines": [174, 175, 178, 181, 182, 185, 186, 188, 189, 190, 193, 196, 203], "summary": {"covered_lines": 13, "num_statements": 13, "percent_covered": 100.0, "percent_covered_display": "100", "missing_lines": 0, "excluded_lines": 0, "percent_statements_covered": 100.0, "percent_statements_covered_display": "100"}, "missing_lines": [], "excluded_lines": [], "start_line": 156}, "VectorDBClient.query": {"executed_lines": [223, 226, 229, 237, 238, 239, 240, 253], "summary": {"covered_lines": 8, "num_statements": 8, "percent_covered": 100.0, "percent_covered_display": "100", "missing_lines": 0, "excluded_lines": 0, "percent_statements_covered": 100.0, "percent_statements_covered_display": "100"}, "missing_lines": [], "excluded_lines": [], "start_line": 205}, "VectorDBClient.get_collection_count": {"executed_lines": [264, 265], "summary": {"covered_lines": 2, "num_statements": 2, "percent_covered": 100.0, "percent_covered_display": "100", "missing_lines": 0, "excluded_lines": 0, "percent_statements_covered": 100.0, "percent_statements_covered_display": "100"}, "missing_lines": [], "excluded_lines": [], "start_line": 255}, "VectorDBClient.delete_documents": {"executed_lines": [274, 275], "summary": {"covered_lines": 2, "num_statements": 2, "percent_covered": 100.0, "percent_covered_display": "100", "missing_lines": 0, "excluded_lines": 0, "percent_statements_covered": 100.0, "percent_statements_covered_display": "100"}, "missing_lines": [], "excluded_lines": [], "start_line": 267}, "VectorDBClient.update_documents": {"executed_lines": [292, 294, 296, 298, 301, 302, 304, 305, 307], "summary": {"covered_lines": 9, "num_statements": 9, "percent_covered": 100.0, "percent_covered_display": "100", "missing_lines": 0, "excluded_lines": 0, "percent_statements_covered": 100.0, "percent_statements_covered_display": "100"}, "missing_lines": [], "excluded_lines": [], "start_line": 277}, "VectorDBClient.update_documents_sync": {"executed_lines": [317], "summary": {"covered_lines": 1, "num_statements": 1, "percent_covered": 100.0, "percent_covered_display": "100", "missing_lines": 0, "excluded_lines": 0, "percent_statements_covered": 100.0, "percent_statements_covered_display": "100"}, "missing_lines": [], "excluded_lines": [], "start_line": 309}, "VectorDBClient.add_documents_sync": {"executed_lines": [334], "summary": {"covered_lines": 1, "num_statements": 1, "percent_covered": 100.0, "percent_covered_display": "100", "missing_lines": 0, "excluded_lines": 0, "percent_statements_covered": 100.0, "percent_statements_covered_display": "100"}, "missing_lines": [], "excluded_lines": [], "start_line": 326}, "VectorDBClient.query_sync": {"executed_lines": [354], "summary": {"covered_lines": 1, "num_statements": 1, "percent_covered": 100.0, "percent_covered_display": "100", "missing_lines": 0, "excluded_lines": 0, "percent_statements_covered": 100.0, "percent_statements_covered_display": "100"}, "missing_lines": [], "excluded_lines": [], "start_line": 346}, "VectorDBClient.get_documents": {"executed_lines": [384, 386, 387, 388, 389, 390, 391, 392, 394, 397, 398, 399, 400, 410], "summary": {"covered_lines": 14, "num_statements": 14, "percent_covered": 100.0, "percent_covered_display": "100", "missing_lines": 0, "excluded_lines": 0, "percent_statements_covered": 100.0, "percent_statements_covered_display": "100"}, "missing_lines": [], "excluded_lines": [], "start_line": 366}, "": {"executed_lines": [7, 8, 9, 10, 12, 13, 17, 18, 19, 20, 22, 23, 24, 27, 28, 38, 39, 40, 41, 44, 50, 81, 106, 125, 136, 145, 156, 205, 255, 267, 277, 309, 326, 346, 366], "summary": {"covered_lines": 35, "num_statements": 37, "percent_covered": 94.5945945945946, "percent_covered_display": "95", "missing_lines": 2, "excluded_lines": 0, "percent_statements_covered": 94.5945945945946, "percent_statements_covered_display": "95"}, "missing_lines": [14, 16], "excluded_lines": [], "start_line": 1}}, "classes": {"SearchResult": {"executed_lines": [], "summary": {"covered_lines": 0, "num_statements": 0, "percent_covered": 100.0, "percent_covered_display": "100", "missing_lines": 0, "excluded_lines": 0, "percent_statements_covered": 100.0, "percent_statements_covered_display": "100"}, "missing_lines": [], "excluded_lines": [], "start_line": 28}, "VectorDBClient": {"executed_lines": [64, 65, 69, 70, 73, 74, 79, 96, 97, 98, 99, 100, 101, 104, 118, 119, 120, 121, 134, 142, 143, 151, 152, 153, 154, 174, 175, 178, 181, 182, 185, 186, 188, 189, 190, 193, 196, 203, 223, 226, 229, 237, 238, 239, 240, 253, 264, 265, 274, 275, 292, 294, 296, 298, 301, 302, 304, 305, 307, 317, 334, 354, 384, 386, 387, 388, 389, 390, 391, 392, 394, 397, 398, 399, 400, 410], "summary": {"covered_lines": 76, "num_statements": 76, "percent_covered": 100.0, "percent_covered_display": "100", "missing_lines": 0, "excluded_lines": 0, "percent_statements_covered": 100.0, "percent_statements_covered_display": "100"}, "missing_lines": [], "excluded_lines": [], "start_line": 44}, "": {"executed_lines": [7, 8, 9, 10, 12, 13, 17, 18, 19, 20, 22, 23, 24, 27, 28, 38, 39, 40, 41, 44, 50, 81, 106, 125, 136, 145, 156, 205, 255, 267, 277, 309, 326, 346, 366], "summary": {"covered_lines": 35, "num_statements": 37, "percent_covered": 94.5945945945946, "percent_covered_display": "95", "missing_lines": 2, "excluded_lines": 0, "percent_statements_covered": 94.5945945945946, "percent_statements_covered_display": "95"}, "missing_lines": [14, 16], "excluded_lines": [], "start_line": 1}}}}, "totals": {"covered_lines": 7617, "num_statements": 9530, "percent_covered": 79.92654774396642, "percent_covered_display": "80", "missing_lines": 1913, "excluded_lines": 5, "percent_statements_covered": 79.92654774396642, "percent_statements_covered_display": "80"}}